SF:/Users/gruposeb/www/ten.net/src/admin/app.tsx
FN:8,App
FN:39,children
FN:76,appWithChildren
FN:86,renderAdminPage
FNDA:163,App
FNDA:0,children
FNDA:144,appWithChildren
FNDA:12,renderAdminPage
FNF:4
FNH:3
BRDA:36,1,0,1
BRDA:36,1,1,162
BRF:2
BRH:2
DA:1,18
DA:2,18
DA:3,18
DA:4,18
DA:8,18
DA:9,18
DA:12,18
DA:14,163
DA:15,163
DA:16,163
DA:17,163
DA:18,163
DA:19,163
DA:20,163
DA:22,163
DA:23,163
DA:24,163
DA:28,163
DA:29,163
DA:30,163
DA:31,163
DA:32,163
DA:35,163
DA:36,163
DA:38,163
DA:39,0
DA:41,0
DA:42,0
DA:45,0
DA:47,0
DA:48,0
DA:50,0
DA:52,0
DA:53,0
DA:54,0
DA:57,0
DA:59,0
DA:61,0
DA:63,0
DA:65,0
DA:66,0
DA:67,0
DA:69,0
DA:74,18
DA:76,18
DA:77,144
DA:78,144
DA:79,144
DA:80,144
DA:83,144
DA:84,18
DA:86,18
DA:87,18
DA:88,18
DA:89,18
DA:91,12
DA:92,12
DA:93,12
DA:94,12
DA:97,12
DA:98,12
LH:43
LF:61
end_of_record
SF:/Users/gruposeb/www/ten.net/src/admin/components/alert.tsx
FN:41,Alert
FNDA:20,Alert
FNF:1
FNH:1
BRDA:58,1,0,13
BRDA:58,1,1,9
BRDA:63,1,0,11
BRDA:63,1,1,9
BRDA:77,1,0,1
BRDA:77,1,1,19
BRDA:79,1,0,16
BRDA:79,1,1,4
BRF:8
BRH:8
DA:8,23
DA:9,23
DA:10,23
DA:11,23
DA:12,23
DA:13,23
DA:14,23
DA:15,23
DA:16,23
DA:17,23
DA:18,23
DA:19,23
DA:20,23
DA:21,23
DA:22,23
DA:23,23
DA:24,23
DA:25,23
DA:26,23
DA:27,23
DA:28,23
DA:29,23
DA:30,23
DA:31,23
DA:32,23
DA:33,23
DA:34,23
DA:35,23
DA:36,23
DA:37,23
DA:38,23
DA:39,23
DA:41,23
DA:42,23
DA:43,23
DA:44,23
DA:45,23
DA:46,23
DA:47,20
DA:48,20
DA:49,20
DA:50,20
DA:51,20
DA:52,20
DA:53,20
DA:54,20
DA:55,20
DA:56,20
DA:58,20
DA:60,20
DA:61,9
DA:62,9
DA:63,9
DA:67,20
DA:68,11
DA:69,11
DA:70,11
DA:75,20
DA:76,20
DA:77,20
DA:79,20
DA:80,20
DA:81,16
DA:82,16
DA:83,16
DA:84,16
DA:85,16
DA:87,16
DA:88,16
DA:89,16
DA:90,16
DA:91,16
DA:93,16
DA:101,20
LH:74
LF:74
end_of_record
SF:/Users/gruposeb/www/ten.net/src/admin/components/audit-log-list.tsx
FN:22,formatTimestamp
FN:36,AuditLogList
FNDA:26,formatTimestamp
FNDA:9,AuditLogList
FNF:2
FNH:2
BRDA:23,1,0,1
BRDA:23,1,1,25
BRDA:25,1,0,1
BRDA:25,1,1,24
BRDA:51,2,0,1
BRDA:51,2,1,8
BRDA:81,2,0,8
BRDA:81,2,1,1
BRDA:100,2,0,8
BRDA:100,2,1,1
BRDA:116,2,0,4
BRDA:116,2,1,5
BRDA:136,2,0,5
BRDA:136,2,1,4
BRDA:252,2,0,1
BRDA:252,2,1,8
BRDA:192,4,0,0
BRDA:192,4,1,26
BRDA:193,4,0,0
BRDA:193,4,1,26
BRDA:195,4,0,23
BRDA:195,4,1,3
BRDA:198,4,0,0
BRDA:198,4,1,26
BRDA:203,4,0,0
BRDA:203,4,1,26
BRDA:207,4,0,0
BRDA:207,4,1,26
BRDA:217,4,0,0
BRDA:217,4,1,26
BRDA:221,4,0,0
BRDA:221,4,1,26
BRDA:228,4,0,1
BRDA:228,4,1,25
BRDA:235,4,0,25
BRDA:235,4,1,1
BRF:36
BRH:29
DA:1,2
DA:2,2
DA:3,2
DA:16,2
DA:17,2
DA:18,2
DA:19,2
DA:20,2
DA:22,26
DA:23,26
DA:24,25
DA:25,26
DA:26,24
DA:27,24
DA:28,24
DA:29,24
DA:30,24
DA:31,24
DA:32,24
DA:33,24
DA:34,26
DA:36,2
DA:37,2
DA:38,2
DA:39,2
DA:40,2
DA:41,2
DA:42,2
DA:43,2
DA:44,2
DA:45,2
DA:46,9
DA:48,9
DA:49,9
DA:50,9
DA:51,9
DA:52,9
DA:53,9
DA:54,9
DA:55,9
DA:58,9
DA:66,9
DA:67,9
DA:68,9
DA:69,9
DA:71,9
DA:72,9
DA:73,9
DA:74,9
DA:75,9
DA:78,9
DA:79,9
DA:80,9
DA:81,9
DA:82,9
DA:84,9
DA:85,9
DA:86,9
DA:87,9
DA:90,9
DA:91,9
DA:92,9
DA:93,9
DA:94,9
DA:97,9
DA:98,9
DA:99,9
DA:100,9
DA:101,9
DA:103,9
DA:104,9
DA:107,9
DA:108,9
DA:109,9
DA:110,9
DA:115,9
DA:116,9
DA:118,9
DA:119,4
DA:120,4
DA:121,4
DA:122,4
DA:123,4
DA:124,4
DA:125,4
DA:127,4
DA:128,4
DA:129,4
DA:130,4
DA:133,4
DA:136,4
DA:143,9
DA:144,5
DA:145,5
DA:146,5
DA:147,5
DA:148,5
DA:150,5
DA:151,5
DA:152,5
DA:153,5
DA:154,5
DA:155,5
DA:158,5
DA:159,5
DA:160,5
DA:161,5
DA:164,5
DA:165,5
DA:166,5
DA:167,5
DA:170,5
DA:171,5
DA:172,5
DA:173,5
DA:176,5
DA:177,5
DA:178,5
DA:179,5
DA:182,5
DA:183,5
DA:184,5
DA:185,5
DA:190,5
DA:191,5
DA:192,26
DA:193,26
DA:194,26
DA:195,26
DA:196,26
DA:197,26
DA:198,26
DA:199,26
DA:201,26
DA:202,26
DA:203,26
DA:206,26
DA:207,26
DA:209,26
DA:210,26
DA:211,26
DA:213,26
DA:216,26
DA:217,26
DA:219,26
DA:220,26
DA:221,26
DA:222,26
DA:223,26
DA:227,26
DA:228,26
DA:230,26
DA:231,1
DA:234,1
DA:235,1
DA:239,26
DA:243,5
DA:252,9
DA:253,9
DA:254,1
DA:255,1
DA:256,1
DA:257,1
DA:258,1
DA:263,9
LH:165
LF:165
end_of_record
SF:/Users/gruposeb/www/ten.net/src/admin/components/breadcrumb.tsx
FN:10,Breadcrumb
FNDA:55,Breadcrumb
FNF:1
FNH:1
BRDA:47,2,0,26
BRDA:47,2,1,54
BRDA:53,2,0,54
BRDA:53,2,1,26
BRF:4
BRH:4
DA:10,21
DA:11,55
DA:12,55
DA:13,55
DA:14,55
DA:15,55
DA:16,55
DA:17,55
DA:18,55
DA:20,55
DA:21,55
DA:22,55
DA:23,55
DA:24,55
DA:26,55
DA:27,55
DA:28,55
DA:29,55
DA:32,55
DA:36,55
DA:37,55
DA:38,80
DA:39,80
DA:40,80
DA:41,80
DA:42,80
DA:43,80
DA:45,80
DA:47,80
DA:49,80
DA:50,26
DA:51,26
DA:53,26
DA:57,80
DA:58,54
DA:59,54
DA:61,54
DA:70,55
LH:38
LF:38
end_of_record
SF:/Users/gruposeb/www/ten.net/src/admin/components/button.tsx
FN:27,Button
FNDA:68,Button
FNF:1
FNH:1
BRDA:38,1,0,1
BRDA:38,1,1,67
BRDA:41,1,0,53
BRDA:41,1,1,25
BRDA:47,1,0,43
BRDA:47,1,1,10
BRF:6
BRH:6
DA:12,21
DA:13,21
DA:14,21
DA:15,21
DA:16,21
DA:17,21
DA:18,21
DA:19,21
DA:21,21
DA:22,21
DA:23,21
DA:24,21
DA:25,21
DA:27,21
DA:28,21
DA:29,21
DA:30,21
DA:31,21
DA:32,21
DA:33,21
DA:34,21
DA:35,68
DA:36,68
DA:37,68
DA:38,68
DA:39,68
DA:41,68
DA:42,25
DA:43,25
DA:44,25
DA:47,25
DA:49,43
DA:50,43
DA:51,43
DA:54,68
LH:35
LF:35
end_of_record
SF:/Users/gruposeb/www/ten.net/src/admin/components/card.tsx
FN:11,Card
FNDA:5,Card
FNF:1
FNH:1
BRF:0
BRH:0
DA:11,1
DA:12,1
DA:14,5
DA:15,5
DA:16,5
DA:17,5
DA:18,5
DA:21,5
DA:22,5
DA:23,5
DA:24,5
DA:25,5
DA:28,5
DA:30,5
DA:31,5
DA:32,5
DA:34,5
DA:35,5
DA:40,5
LH:19
LF:19
end_of_record
SF:/Users/gruposeb/www/ten.net/src/admin/components/crud-form.tsx
FN:20,CrudForm
FN:68,children
FNDA:19,CrudForm
FNDA:0,children
FNF:2
FNH:1
BRDA:34,1,0,5
BRDA:34,1,1,14
BRDA:40,1,0,1
BRDA:40,1,1,18
BRDA:45,1,0,2
BRDA:45,1,1,17
BRDA:46,1,0,5
BRDA:46,1,1,4
BRDA:62,1,0,5
BRDA:62,1,1,14
BRDA:53,2,0,53
BRDA:53,2,1,17
BRF:12
BRH:12
DA:1,18
DA:2,18
DA:3,18
DA:5,18
DA:6,18
DA:20,18
DA:21,18
DA:22,18
DA:23,18
DA:24,18
DA:25,18
DA:26,18
DA:27,18
DA:28,18
DA:29,18
DA:30,18
DA:31,19
DA:32,19
DA:33,19
DA:34,19
DA:35,19
DA:37,19
DA:38,19
DA:39,19
DA:40,19
DA:41,19
DA:43,19
DA:44,19
DA:45,19
DA:46,19
DA:47,19
DA:49,19
DA:50,19
DA:51,19
DA:52,70
DA:53,70
DA:54,70
DA:57,19
DA:58,19
DA:61,19
DA:62,19
DA:67,19
DA:68,0
DA:70,0
DA:71,0
DA:72,0
DA:76,19
LH:43
LF:47
end_of_record
SF:/Users/gruposeb/www/ten.net/src/admin/components/crud-list.tsx
FN:21,CrudList
FN:38,href
FN:42,href
FN:44,confirmMessage
FN:82,children
FNDA:11,CrudList
FNDA:3,href
FNDA:3,href
FNDA:3,confirmMessage
FNDA:0,children
FNF:5
FNH:4
BRDA:54,1,0,1
BRDA:54,1,1,10
BRDA:57,1,0,1
BRDA:57,1,1,10
BRDA:72,1,0,2
BRDA:72,1,1,9
BRDA:46,4,0,0
BRDA:46,4,1,3
BRF:8
BRH:7
DA:1,18
DA:2,18
DA:3,18
DA:5,18
DA:6,18
DA:21,18
DA:22,18
DA:23,18
DA:24,18
DA:25,18
DA:26,18
DA:27,18
DA:28,18
DA:29,18
DA:30,18
DA:31,18
DA:32,18
DA:33,11
DA:35,11
DA:36,11
DA:37,11
DA:38,11
DA:39,11
DA:40,11
DA:41,11
DA:42,11
DA:43,11
DA:44,11
DA:45,11
DA:46,11
DA:47,11
DA:48,11
DA:49,11
DA:51,11
DA:52,11
DA:53,11
DA:54,11
DA:55,11
DA:57,11
DA:58,11
DA:59,11
DA:60,11
DA:61,11
DA:62,11
DA:63,11
DA:64,11
DA:65,11
DA:66,11
DA:67,11
DA:68,11
DA:69,11
DA:70,11
DA:72,11
DA:73,11
DA:74,2
DA:75,2
DA:76,2
DA:77,2
DA:78,2
DA:81,11
DA:82,0
DA:84,0
DA:85,0
DA:86,0
DA:90,11
LH:61
LF:65
end_of_record
SF:/Users/gruposeb/www/ten.net/src/admin/components/data-table.tsx
FN:28,DataTable
FNDA:20,DataTable
FNF:1
FNH:1
BRDA:47,1,0,12
BRDA:47,1,1,8
BRDA:59,1,0,11
BRDA:59,1,1,9
BRDA:65,1,0,9
BRDA:65,1,1,11
BRDA:87,1,0,6
BRDA:87,1,1,6
BRDA:97,3,0,0
BRDA:97,3,1,9
BRDA:112,3,0,6
BRDA:112,3,1,6
BRDA:104,4,0,9
BRDA:104,4,1,8
BRDA:105,4,0,8
BRDA:105,4,1,9
BRDA:109,4,0,0
BRDA:109,4,1,17
BRDA:116,5,0,5
BRDA:116,5,1,4
BRDA:124,5,0,2
BRDA:124,5,1,3
BRDA:133,5,0,4
BRDA:133,5,1,1
BRDA:134,5,0,1
BRDA:134,5,1,4
BRDA:140,5,0,0
BRDA:140,5,1,5
BRDA:145,5,0,4
BRDA:145,5,1,5
BRDA:154,5,0,0
BRDA:154,5,1,9
BRF:32
BRH:28
DA:1,18
DA:28,18
DA:29,18
DA:30,18
DA:31,18
DA:32,18
DA:33,18
DA:34,18
DA:35,18
DA:36,18
DA:37,18
DA:38,18
DA:39,18
DA:40,20
DA:41,20
DA:42,20
DA:43,20
DA:44,20
DA:45,20
DA:47,20
DA:48,20
DA:49,12
DA:50,12
DA:51,12
DA:53,12
DA:58,20
DA:59,20
DA:61,20
DA:62,11
DA:63,11
DA:64,11
DA:65,11
DA:69,20
DA:70,9
DA:71,9
DA:72,9
DA:73,9
DA:74,9
DA:76,9
DA:77,9
DA:78,9
DA:79,9
DA:80,9
DA:81,17
DA:82,17
DA:84,17
DA:87,9
DA:88,9
DA:89,6
DA:94,9
DA:95,9
DA:96,9
DA:97,9
DA:98,9
DA:100,9
DA:101,9
DA:102,9
DA:103,17
DA:104,17
DA:105,17
DA:106,17
DA:107,17
DA:109,17
DA:112,9
DA:113,9
DA:114,6
DA:115,9
DA:116,9
DA:117,5
DA:118,5
DA:119,5
DA:120,5
DA:121,5
DA:122,5
DA:124,5
DA:125,5
DA:126,2
DA:127,2
DA:128,2
DA:131,5
DA:132,5
DA:133,5
DA:134,5
DA:135,5
DA:136,5
DA:138,5
DA:139,5
DA:140,5
DA:145,5
DA:146,4
DA:147,4
DA:148,9
DA:149,4
DA:150,4
DA:152,4
DA:153,4
DA:154,9
DA:158,6
DA:172,20
LH:99
LF:99
end_of_record
SF:/Users/gruposeb/www/ten.net/src/admin/components/empty-state.tsx
FN:11,EmptyState
FNDA:17,EmptyState
FNF:1
FNH:1
BRDA:20,1,0,1
BRDA:20,1,1,16
BRDA:38,1,0,12
BRDA:38,1,1,10
BRF:4
BRH:4
DA:11,18
DA:12,18
DA:13,18
DA:14,18
DA:15,18
DA:16,18
DA:17,18
DA:18,17
DA:19,17
DA:20,17
DA:21,17
DA:22,16
DA:23,16
DA:24,16
DA:25,16
DA:26,16
DA:27,16
DA:29,16
DA:30,16
DA:31,16
DA:32,16
DA:36,17
DA:37,17
DA:38,17
DA:39,17
DA:40,10
DA:41,10
DA:42,10
DA:44,10
DA:45,10
DA:46,10
DA:47,10
DA:48,10
DA:50,10
DA:52,10
DA:58,17
LH:36
LF:36
end_of_record
SF:/Users/gruposeb/www/ten.net/src/admin/components/form-field.tsx
FN:18,FormField
FNDA:119,FormField
FNF:1
FNH:1
BRDA:31,1,0,4
BRDA:31,1,1,115
BRDA:32,1,0,115
BRDA:32,1,1,4
BRDA:34,1,0,6
BRDA:34,1,1,113
BRDA:37,1,0,3
BRDA:37,1,1,116
BRDA:53,1,0,1
BRDA:53,1,1,2
BRDA:57,1,0,118
BRDA:57,1,1,116
BRDA:63,1,0,75
BRDA:63,1,1,43
BRDA:66,1,0,11
BRDA:66,1,1,108
BRDA:75,1,0,0
BRDA:75,1,1,11
BRDA:77,1,0,0
BRDA:77,1,1,11
BRDA:80,1,0,105
BRDA:80,1,1,14
BRDA:83,1,0,20
BRDA:83,1,1,85
BRDA:87,1,0,10
BRDA:87,1,1,10
BRDA:89,1,0,10
BRDA:89,1,1,10
BRDA:90,1,0,10
BRDA:90,1,1,10
BRDA:91,1,0,5
BRDA:91,1,1,3
BRDA:92,1,0,7
BRDA:92,1,1,3
BRDA:93,1,0,1
BRDA:93,1,1,6
BRDA:94,1,0,6
BRDA:94,1,1,1
BRDA:95,1,0,10
BRDA:95,1,1,10
BRDA:98,1,0,0
BRDA:98,1,1,20
BRDA:100,1,0,0
BRDA:100,1,1,20
BRDA:105,1,0,10
BRDA:105,1,1,10
BRDA:107,1,0,85
BRDA:107,1,1,20
BRDA:121,1,0,4
BRDA:121,1,1,81
BRDA:122,1,0,81
BRDA:122,1,1,4
BRDA:123,1,0,5
BRDA:123,1,1,76
BRDA:124,1,0,76
BRDA:124,1,1,5
BRDA:130,1,0,4
BRDA:130,1,1,115
BRDA:139,1,0,112
BRDA:139,1,1,5
BRF:60
BRH:56
DA:15,21
DA:16,21
DA:18,21
DA:19,21
DA:20,21
DA:21,21
DA:22,21
DA:23,21
DA:24,21
DA:25,21
DA:26,21
DA:27,21
DA:28,21
DA:29,21
DA:30,21
DA:31,119
DA:32,119
DA:33,119
DA:34,119
DA:35,119
DA:37,119
DA:38,3
DA:39,3
DA:40,3
DA:41,3
DA:42,3
DA:43,3
DA:44,3
DA:45,3
DA:46,3
DA:49,3
DA:50,3
DA:51,3
DA:53,3
DA:57,3
DA:59,116
DA:60,116
DA:61,116
DA:62,116
DA:63,118
DA:65,119
DA:66,119
DA:68,119
DA:69,11
DA:70,11
DA:71,11
DA:72,11
DA:73,11
DA:74,11
DA:75,11
DA:76,11
DA:77,11
DA:78,11
DA:79,11
DA:80,11
DA:83,119
DA:85,119
DA:86,20
DA:87,20
DA:88,20
DA:89,20
DA:90,20
DA:91,20
DA:92,20
DA:93,20
DA:94,20
DA:95,20
DA:96,20
DA:97,20
DA:98,20
DA:99,20
DA:100,20
DA:101,20
DA:102,20
DA:103,20
DA:105,20
DA:106,20
DA:107,41
DA:108,41
DA:114,105
DA:115,85
DA:116,85
DA:117,85
DA:118,85
DA:119,85
DA:120,85
DA:121,85
DA:122,85
DA:123,85
DA:124,85
DA:125,85
DA:126,85
DA:130,119
DA:131,119
DA:132,4
DA:133,4
DA:134,4
DA:136,4
DA:139,119
DA:140,119
DA:141,5
DA:146,119
LH:102
LF:102
end_of_record
SF:/Users/gruposeb/www/ten.net/src/admin/components/login-form.tsx
FN:6,LoginForm
FN:60,loginPage
FNDA:11,LoginForm
FNDA:4,loginPage
FNF:2
FNH:2
BRDA:29,1,0,3
BRDA:29,1,1,8
BRF:2
BRH:2
DA:1,19
DA:2,19
DA:3,19
DA:4,19
DA:6,19
DA:7,11
DA:8,11
DA:9,11
DA:10,11
DA:11,11
DA:12,11
DA:13,11
DA:16,11
DA:17,11
DA:18,11
DA:19,11
DA:20,11
DA:21,11
DA:22,11
DA:24,11
DA:28,11
DA:29,11
DA:30,11
DA:31,3
DA:32,3
DA:33,3
DA:36,11
DA:37,11
DA:38,11
DA:39,11
DA:40,11
DA:41,11
DA:43,11
DA:44,11
DA:45,11
DA:46,11
DA:47,11
DA:49,11
DA:58,11
DA:60,19
DA:61,4
DA:62,4
LH:42
LF:42
end_of_record
SF:/Users/gruposeb/www/ten.net/src/admin/components/logs.tsx
FN:31,relativeTime
FN:48,Logs
FNDA:11,relativeTime
FNDA:188,Logs
FNF:2
FNH:2
BRDA:32,1,0,1
BRDA:32,1,1,10
BRDA:34,1,0,1
BRDA:34,1,1,9
BRDA:38,1,0,5
BRDA:38,1,1,4
BRDA:40,1,0,1
BRDA:40,1,1,3
BRDA:42,1,0,1
BRDA:42,1,1,2
BRDA:44,1,0,1
BRDA:44,1,1,10
BRDA:49,2,0,12
BRDA:49,2,1,177
BRDA:74,2,0,11
BRDA:74,2,1,177
BRDA:79,3,0,1
BRDA:79,3,1,10
BRF:18
BRH:18
DA:14,19
DA:15,19
DA:16,19
DA:17,19
DA:18,19
DA:19,19
DA:20,19
DA:21,19
DA:22,19
DA:23,19
DA:24,19
DA:25,19
DA:26,19
DA:27,19
DA:28,19
DA:29,19
DA:31,11
DA:32,11
DA:33,10
DA:34,11
DA:35,9
DA:36,9
DA:37,9
DA:38,11
DA:39,4
DA:40,11
DA:41,3
DA:42,11
DA:43,2
DA:44,11
DA:45,1
DA:46,11
DA:48,19
DA:49,188
DA:50,177
DA:51,177
DA:52,177
DA:53,177
DA:54,177
DA:55,177
DA:56,177
DA:57,177
DA:58,177
DA:60,177
DA:61,177
DA:62,177
DA:63,177
DA:66,177
DA:69,177
DA:74,177
DA:76,11
DA:77,11
DA:78,11
DA:79,11
DA:80,11
DA:81,11
DA:82,11
DA:83,11
DA:84,11
DA:85,11
DA:86,11
DA:87,11
DA:88,11
DA:89,11
DA:91,11
DA:92,11
DA:93,11
DA:94,11
DA:98,11
DA:99,11
DA:100,11
DA:101,11
DA:102,11
DA:103,11
DA:104,11
DA:107,11
DA:108,11
DA:109,11
DA:114,11
DA:117,188
LH:80
LF:80
end_of_record
SF:/Users/gruposeb/www/ten.net/src/admin/components/pagination.tsx
FN:9,Pagination
FNDA:16,Pagination
FNF:1
FNH:1
BRDA:16,1,0,3
BRDA:16,1,1,13
BRDA:20,1,0,1
BRDA:20,1,1,12
BRDA:23,1,0,47
BRDA:25,1,0,34
BRDA:25,1,1,21
BRDA:26,1,0,19
BRDA:26,1,1,2
BRDA:27,1,0,41
BRDA:27,1,1,6
BRDA:29,1,0,6
BRDA:29,1,1,3
BRDA:32,1,0,13
BRDA:32,1,1,3
BRDA:45,1,0,6
BRDA:45,1,1,10
BRDA:50,1,0,7
BRDA:50,1,1,9
BRDA:55,1,0,12
BRDA:55,1,1,4
BRDA:79,1,0,6
BRDA:79,1,1,10
BRDA:80,1,0,7
BRDA:80,1,1,9
BRDA:83,1,0,7
BRDA:83,1,1,6
BRDA:85,1,0,7
BRDA:85,1,1,9
BRDA:86,1,0,6
BRDA:86,1,1,10
BRDA:127,1,0,12
BRDA:127,1,1,4
BRDA:128,1,0,1
BRDA:128,1,1,15
BRDA:131,1,0,1
BRDA:131,1,1,12
BRDA:133,1,0,1
BRDA:133,1,1,15
BRDA:134,1,0,12
BRDA:134,1,1,4
BRDA:106,2,0,3
BRDA:106,2,1,41
BRDA:108,2,0,41
BRDA:108,2,1,3
BRDA:115,2,0,13
BRDA:115,2,1,28
BRDA:116,2,0,13
BRDA:116,2,1,28
BRDA:117,2,0,28
BRDA:117,2,1,13
BRF:51
BRH:51
DA:9,20
DA:10,20
DA:11,20
DA:12,20
DA:13,20
DA:14,20
DA:15,20
DA:16,16
DA:18,13
DA:19,13
DA:20,16
DA:22,16
DA:23,16
DA:24,47
DA:25,47
DA:26,47
DA:27,47
DA:28,41
DA:29,47
DA:30,3
DA:31,3
DA:32,47
DA:34,13
DA:35,13
DA:36,13
DA:37,13
DA:39,13
DA:40,13
DA:41,13
DA:42,13
DA:44,13
DA:45,16
DA:47,16
DA:48,6
DA:49,6
DA:50,6
DA:54,16
DA:55,16
DA:56,16
DA:57,12
DA:58,12
DA:59,12
DA:64,16
DA:65,16
DA:66,16
DA:67,16
DA:68,16
DA:69,16
DA:72,16
DA:73,16
DA:74,16
DA:75,16
DA:77,16
DA:78,16
DA:79,16
DA:80,16
DA:81,16
DA:82,16
DA:83,16
DA:84,16
DA:85,16
DA:86,16
DA:87,16
DA:88,16
DA:90,16
DA:91,16
DA:92,16
DA:93,16
DA:94,16
DA:96,16
DA:97,16
DA:98,16
DA:99,16
DA:104,16
DA:105,16
DA:106,44
DA:108,44
DA:113,44
DA:114,41
DA:115,41
DA:116,41
DA:117,41
DA:118,41
DA:120,41
DA:125,16
DA:126,16
DA:127,16
DA:128,16
DA:129,16
DA:130,16
DA:131,16
DA:132,16
DA:133,16
DA:134,16
DA:135,16
DA:136,16
DA:138,16
DA:139,16
DA:140,16
DA:141,16
DA:142,16
DA:144,16
DA:145,16
DA:146,16
DA:147,16
DA:157,16
LH:106
LF:106
end_of_record
SF:/Users/gruposeb/www/ten.net/src/admin/components/permissions-matrix.tsx
FN:32,PermissionsMatrix
FNDA:5,PermissionsMatrix
FNF:1
FNH:1
BRDA:48,1,0,1
BRDA:48,1,1,4
BRDA:49,1,0,1
BRDA:49,1,1,4
BRDA:67,1,0,2
BRDA:67,1,1,3
BRDA:96,3,0,0
BRDA:96,3,1,6
BRDA:103,4,0,0
BRDA:103,4,1,10
BRF:10
BRH:8
DA:1,2
DA:2,2
DA:3,2
DA:23,2
DA:25,2
DA:26,2
DA:27,2
DA:28,2
DA:29,2
DA:30,2
DA:32,2
DA:33,2
DA:34,2
DA:35,2
DA:36,2
DA:37,2
DA:38,5
DA:40,5
DA:41,5
DA:42,5
DA:43,5
DA:44,5
DA:45,5
DA:48,5
DA:49,5
DA:50,5
DA:51,5
DA:52,5
DA:53,5
DA:56,5
DA:62,5
DA:63,5
DA:64,5
DA:65,5
DA:67,5
DA:68,5
DA:69,5
DA:70,5
DA:71,5
DA:72,5
DA:73,5
DA:75,5
DA:76,5
DA:77,5
DA:78,5
DA:79,5
DA:80,5
DA:83,5
DA:84,5
DA:85,5
DA:86,6
DA:87,6
DA:89,6
DA:94,5
DA:95,5
DA:96,6
DA:97,6
DA:98,6
DA:99,6
DA:100,6
DA:102,6
DA:103,10
DA:104,10
DA:105,10
DA:106,10
DA:107,10
DA:109,10
DA:110,10
DA:111,40
DA:112,40
DA:113,40
DA:114,40
DA:116,40
DA:117,40
DA:118,40
DA:119,40
DA:120,40
DA:122,40
DA:123,40
DA:124,40
DA:125,40
DA:126,40
DA:127,40
DA:129,40
DA:130,40
DA:134,10
DA:138,6
DA:141,5
DA:147,5
DA:148,5
DA:151,5
DA:159,5
LH:92
LF:92
end_of_record
SF:/Users/gruposeb/www/ten.net/src/admin/components/plugins.tsx
FN:43,Plugins
FNDA:144,Plugins
FNF:1
FNH:1
BRDA:44,1,0,142
BRDA:44,1,1,7
BRDA:58,1,0,137
BRDA:58,1,1,7
BRDA:66,2,0,137
BRDA:66,2,1,161
BRF:6
BRH:6
DA:11,18
DA:12,18
DA:13,18
DA:17,18
DA:18,18
DA:19,18
DA:20,18
DA:21,18
DA:22,18
DA:23,18
DA:24,18
DA:26,18
DA:27,18
DA:28,18
DA:29,18
DA:34,18
DA:35,18
DA:36,18
DA:37,18
DA:38,18
DA:39,18
DA:40,18
DA:41,18
DA:43,18
DA:44,144
DA:45,7
DA:46,7
DA:47,7
DA:48,7
DA:50,7
DA:53,7
DA:58,7
DA:60,137
DA:61,137
DA:62,137
DA:63,137
DA:64,137
DA:65,298
DA:66,298
DA:67,298
DA:69,298
DA:70,298
DA:71,298
DA:72,298
DA:73,298
DA:75,298
DA:78,298
DA:79,298
DA:80,298
DA:81,298
DA:82,298
DA:84,298
DA:85,298
DA:88,298
DA:90,298
DA:91,298
DA:92,298
DA:94,298
DA:100,18
LH:59
LF:59
end_of_record
SF:/Users/gruposeb/www/ten.net/src/admin/components/roles-list.tsx
FN:18,RolesList
FN:229,children
FNDA:6,RolesList
FNDA:0,children
FNF:2
FNH:1
BRDA:34,1,0,1
BRDA:34,1,1,5
BRDA:37,1,0,1
BRDA:37,1,1,5
BRDA:64,1,0,3
BRDA:64,1,1,3
BRDA:84,1,0,3
BRDA:84,1,1,3
BRDA:219,1,0,1
BRDA:219,1,1,5
BRDA:130,2,0,21
BRDA:130,2,1,3
BRDA:134,2,0,0
BRDA:134,2,1,24
BRDA:138,2,0,0
BRDA:138,2,1,24
BRDA:142,2,0,0
BRDA:142,2,1,24
BRDA:146,2,0,0
BRDA:146,2,1,24
BRDA:149,2,0,3
BRDA:149,2,1,21
BRDA:151,2,0,21
BRDA:151,2,1,3
BRDA:168,2,0,0
BRDA:168,2,1,24
BRDA:171,2,0,3
BRDA:171,2,1,21
BRDA:176,2,0,21
BRDA:176,2,1,3
BRDA:186,2,0,1
BRDA:186,2,1,20
BRDA:196,2,0,0
BRDA:196,2,1,21
BRDA:202,2,0,0
BRDA:202,2,1,21
BRF:36
BRH:29
DA:1,2
DA:2,2
DA:3,2
DA:4,2
DA:18,2
DA:19,2
DA:20,2
DA:21,2
DA:22,2
DA:23,2
DA:24,2
DA:25,2
DA:26,2
DA:27,2
DA:28,2
DA:29,6
DA:31,6
DA:32,6
DA:33,6
DA:34,6
DA:35,6
DA:37,6
DA:38,6
DA:39,6
DA:40,6
DA:41,6
DA:42,6
DA:44,6
DA:48,6
DA:49,6
DA:50,6
DA:51,6
DA:52,6
DA:55,6
DA:56,6
DA:57,6
DA:58,6
DA:63,6
DA:64,6
DA:66,6
DA:67,3
DA:68,3
DA:69,3
DA:70,3
DA:71,3
DA:72,3
DA:73,3
DA:75,3
DA:76,3
DA:77,3
DA:78,3
DA:81,3
DA:84,3
DA:90,6
DA:91,3
DA:92,3
DA:93,3
DA:94,3
DA:95,3
DA:97,3
DA:98,3
DA:99,3
DA:100,3
DA:101,3
DA:102,3
DA:105,3
DA:106,3
DA:107,3
DA:108,3
DA:111,3
DA:112,3
DA:113,3
DA:114,3
DA:117,3
DA:118,3
DA:119,3
DA:120,3
DA:123,3
DA:124,3
DA:128,3
DA:129,3
DA:130,24
DA:131,24
DA:132,24
DA:133,24
DA:134,24
DA:135,24
DA:137,24
DA:138,24
DA:140,24
DA:141,24
DA:142,24
DA:145,24
DA:146,24
DA:148,24
DA:149,24
DA:151,24
DA:156,24
DA:161,24
DA:162,24
DA:163,24
DA:164,24
DA:165,24
DA:167,24
DA:168,24
DA:171,24
DA:173,24
DA:174,3
DA:175,3
DA:176,3
DA:181,24
DA:182,21
DA:183,21
DA:184,21
DA:186,21
DA:187,21
DA:188,1
DA:189,1
DA:190,1
DA:193,21
DA:194,21
DA:195,21
DA:196,21
DA:197,21
DA:198,21
DA:199,21
DA:201,21
DA:202,21
DA:210,3
DA:219,6
DA:220,6
DA:221,1
DA:222,1
DA:223,1
DA:224,1
DA:225,1
DA:228,6
DA:229,0
DA:231,0
DA:232,0
DA:233,0
DA:237,6
LH:138
LF:142
end_of_record
SF:/Users/gruposeb/www/ten.net/src/admin/components/script.tsx
FN:1,Script
FNDA:202,Script
FNF:1
FNH:1
BRDA:4,1,0,201
BRDA:4,1,1,1
BRF:2
BRH:2
DA:1,21
DA:2,202
DA:3,202
DA:4,202
DA:5,202
DA:6,202
DA:7,202
DA:10,21
LH:8
LF:8
end_of_record
SF:/Users/gruposeb/www/ten.net/src/admin/components/sidebar-nav.tsx
FN:14,SidebarNav
FNDA:180,SidebarNav
FNF:1
FNH:1
BRDA:22,2,0,5
BRDA:22,2,1,180
BRDA:24,2,0,5
BRDA:24,2,1,180
BRDA:25,2,0,180
BRDA:25,2,1,5
BRF:6
BRH:6
DA:14,19
DA:15,180
DA:16,180
DA:17,180
DA:18,180
DA:19,180
DA:20,185
DA:21,185
DA:22,185
DA:23,185
DA:24,185
DA:25,185
DA:26,185
DA:27,185
DA:29,185
DA:30,185
DA:37,180
LH:17
LF:17
end_of_record
SF:/Users/gruposeb/www/ten.net/src/admin/components/widget-form.tsx
FN:10,resolveFieldValue
FN:23,WidgetField
FN:129,WidgetForm
FN:144,WidgetTypeSelector
FN:181,WidgetCard
FNDA:9,resolveFieldValue
FNDA:9,WidgetField
FNDA:9,WidgetForm
FNDA:1,WidgetTypeSelector
FNDA:3,WidgetCard
FNF:5
FNH:5
BRDA:14,1,0,1
BRDA:14,1,1,1
BRDA:15,1,0,0
BRDA:15,1,1,1
BRDA:16,1,0,8
BRDA:16,1,1,1
BRDA:17,1,0,1
BRDA:17,1,1,8
BRDA:19,1,0,7
BRDA:19,1,1,2
BRDA:39,2,0,2
BRDA:39,2,1,7
BRDA:42,2,0,1
BRDA:42,2,1,8
BRDA:52,2,0,1
BRDA:52,2,1,8
BRDA:62,2,0,1
BRDA:62,2,1,8
BRDA:78,2,0,1
BRDA:78,2,1,8
BRDA:89,2,0,1
BRDA:89,2,1,8
BRDA:99,2,0,1
BRDA:99,2,1,8
BRDA:109,2,0,3
BRDA:109,2,1,6
BRDA:157,6,0,0
BRDA:157,6,1,1
BRDA:164,7,0,1
BRDA:164,7,1,1
BRDA:184,8,0,2
BRDA:184,8,1,1
BRDA:185,8,0,1
BRDA:185,8,1,1
BRDA:186,8,0,1
BRDA:186,8,1,1
BRDA:187,8,0,1
BRDA:187,8,1,2
BRDA:204,8,0,2
BRDA:204,8,1,1
BRDA:217,8,0,1
BRDA:217,8,1,2
BRDA:193,9,0,0
BRDA:193,9,1,2
BRDA:195,9,0,1
BRDA:195,9,1,1
BRF:46
BRH:43
DA:7,1
DA:8,1
DA:10,9
DA:11,9
DA:12,9
DA:14,9
DA:15,1
DA:16,1
DA:17,9
DA:18,1
DA:19,1
DA:20,7
DA:21,9
DA:23,9
DA:24,9
DA:27,9
DA:29,9
DA:30,9
DA:32,9
DA:33,9
DA:34,9
DA:35,9
DA:36,9
DA:38,9
DA:39,9
DA:41,9
DA:42,9
DA:43,9
DA:44,1
DA:45,1
DA:46,1
DA:47,1
DA:48,1
DA:49,1
DA:52,9
DA:53,9
DA:54,1
DA:55,1
DA:56,1
DA:57,1
DA:58,1
DA:59,1
DA:62,9
DA:63,9
DA:64,1
DA:65,1
DA:66,1
DA:67,1
DA:68,1
DA:70,1
DA:71,1
DA:72,2
DA:73,2
DA:78,9
DA:79,9
DA:80,1
DA:81,1
DA:82,1
DA:83,1
DA:84,1
DA:85,1
DA:86,1
DA:89,9
DA:90,9
DA:91,1
DA:92,1
DA:93,1
DA:94,1
DA:95,1
DA:96,1
DA:99,9
DA:100,9
DA:101,1
DA:102,1
DA:103,1
DA:104,1
DA:105,1
DA:106,1
DA:109,9
DA:110,9
DA:111,3
DA:112,3
DA:113,3
DA:114,3
DA:115,3
DA:116,3
DA:122,9
DA:129,1
DA:130,9
DA:131,9
DA:132,9
DA:133,9
DA:137,9
DA:144,1
DA:145,1
DA:147,1
DA:148,1
DA:149,1
DA:151,1
DA:153,1
DA:154,1
DA:155,1
DA:156,1
DA:157,1
DA:158,1
DA:159,1
DA:161,1
DA:162,1
DA:163,2
DA:164,2
DA:171,1
DA:181,1
DA:182,1
DA:184,3
DA:185,3
DA:186,3
DA:187,3
DA:188,3
DA:190,3
DA:191,3
DA:192,3
DA:193,2
DA:194,2
DA:195,2
DA:196,2
DA:197,3
DA:198,3
DA:200,3
DA:201,3
DA:202,3
DA:203,3
DA:204,3
DA:205,3
DA:208,3
DA:209,3
DA:210,3
DA:211,3
DA:212,3
DA:214,3
DA:216,3
DA:217,3
DA:218,3
DA:219,3
DA:220,3
DA:221,3
DA:222,3
DA:224,3
DA:230,3
LH:148
LF:148
end_of_record
SF:/Users/gruposeb/www/ten.net/src/assets/documentHtml.ts
FNF:0
FNH:0
BRF:0
BRH:0
DA:1,1
DA:2,41
DA:17,41
LH:3
LF:3
end_of_record
SF:/Users/gruposeb/www/ten.net/src/assets/faviconData.ts
FNF:0
FNH:0
BRF:0
BRH:0
DA:1,1
DA:2,3
DA:4,3
DA:5,3
DA:7,3
LH:5
LF:5
end_of_record
SF:/Users/gruposeb/www/ten.net/src/auth/authMiddleware.ts
FN:14,parseCookie
FN:20,methodToPermission
FN:45,extractResource
FN:55,hasPermission
FN:68,hasPermissionDynamic
FN:91,redirectToLogin
FN:99,authMiddleware
FNDA:58,parseCookie
FNDA:34,methodToPermission
FNDA:34,extractResource
FNDA:29,hasPermission
FNDA:34,hasPermissionDynamic
FNDA:8,redirectToLogin
FNDA:173,authMiddleware
FNF:7
FNH:7
BRDA:16,1,0,44
BRDA:16,1,1,14
BRDA:22,2,0,8
BRDA:22,2,1,26
BRDA:24,2,0,1
BRDA:24,2,1,33
BRDA:25,2,0,2
BRDA:25,2,1,32
BRDA:27,2,0,1
BRDA:27,2,1,33
BRDA:29,2,0,23
BRDA:29,2,1,11
BRDA:46,3,0,30
BRDA:46,3,1,5
BRDA:46,3,2,33
BRDA:46,3,3,29
BRDA:48,3,0,0
BRDA:48,3,1,29
BRDA:51,3,0,5
BRDA:51,3,1,28
BRDA:61,4,0,2
BRDA:61,4,1,27
BRDA:63,4,0,3
BRDA:63,4,1,24
BRDA:74,5,0,10
BRDA:74,5,1,24
BRDA:77,5,0,9
BRDA:77,5,1,1
BRDA:78,5,0,4
BRDA:78,5,1,6
BRDA:81,5,0,1
BRDA:81,5,1,9
BRDA:85,5,0,29
BRDA:85,5,1,5
BRDA:109,8,0,62
BRDA:109,8,1,18
BRDA:109,8,2,53
BRDA:111,8,0,10
BRDA:111,8,1,61
BRDA:111,8,2,43
BRDA:114,8,0,5
BRDA:114,8,1,56
BRDA:117,8,0,70
BRDA:117,8,1,5
BRDA:117,8,2,60
BRDA:117,8,3,38
BRDA:120,8,0,3
BRDA:120,8,1,35
BRDA:123,8,0,43
BRDA:123,8,1,1
BRDA:126,8,0,34
BRDA:126,8,1,9
BRDA:137,8,0,18
BRDA:137,8,1,42
BRDA:139,8,0,16
BRDA:139,8,1,44
BRF:56
BRH:55
DA:3,21
DA:5,21
DA:9,21
DA:11,21
DA:14,21
DA:15,58
DA:16,58
DA:17,58
DA:20,21
DA:21,34
DA:22,34
DA:23,8
DA:24,34
DA:25,34
DA:26,2
DA:27,34
DA:28,1
DA:29,34
DA:30,23
DA:31,34
DA:32,34
DA:35,21
DA:36,21
DA:37,21
DA:38,21
DA:39,21
DA:40,21
DA:41,21
DA:42,21
DA:45,21
DA:46,34
DA:47,29
DA:48,0
DA:49,29
DA:51,34
DA:52,34
DA:55,21
DA:56,21
DA:57,21
DA:58,21
DA:60,29
DA:61,29
DA:62,27
DA:63,29
DA:64,24
DA:65,29
DA:68,21
DA:69,21
DA:70,21
DA:71,21
DA:72,21
DA:74,34
DA:75,10
DA:76,10
DA:77,10
DA:78,10
DA:79,4
DA:80,4
DA:81,10
DA:83,1
DA:84,1
DA:85,10
DA:87,29
DA:88,34
DA:91,21
DA:92,8
DA:93,8
DA:94,8
DA:95,8
DA:96,8
DA:99,21
DA:100,21
DA:101,21
DA:102,21
DA:104,173
DA:105,71
DA:106,71
DA:109,71
DA:110,53
DA:111,62
DA:114,71
DA:115,71
DA:117,71
DA:119,38
DA:120,60
DA:123,60
DA:124,1
DA:125,1
DA:126,1
DA:129,34
DA:130,34
DA:131,34
DA:132,34
DA:133,34
DA:134,34
DA:135,34
DA:137,60
DA:138,18
DA:139,18
DA:142,16
DA:143,16
DA:144,173
DA:145,173
LH:102
LF:103
end_of_record
SF:/Users/gruposeb/www/ten.net/src/auth/csrfMiddleware.ts
FN:5,generateCsrfToken
FN:12,csrfMiddleware
FNDA:6,generateCsrfToken
FNDA:37,csrfMiddleware
FNF:2
FNH:2
BRDA:17,3,0,18
BRDA:17,3,1,29
BRDA:17,3,2,19
BRDA:20,3,0,8
BRDA:20,3,1,27
BRDA:20,3,2,11
BRDA:23,3,0,6
BRDA:23,3,1,27
BRDA:23,3,2,6
BRDA:25,3,0,10
BRDA:25,3,1,5
BRDA:28,3,0,1
BRDA:28,3,1,4
BRDA:36,3,0,3
BRDA:36,3,1,1
BRDA:37,3,0,2
BRDA:37,3,1,1
BRDA:38,3,0,1
BRDA:38,3,1,3
BRDA:43,3,0,2
BRDA:43,3,1,10
BRDA:43,3,2,3
BRDA:45,3,0,1
BRDA:45,3,1,9
BRF:24
BRH:24
DA:2,19
DA:5,19
DA:6,6
DA:7,6
DA:8,6
DA:9,6
DA:12,19
DA:13,19
DA:14,19
DA:16,37
DA:17,37
DA:19,19
DA:20,29
DA:22,11
DA:23,37
DA:24,6
DA:25,6
DA:27,5
DA:28,10
DA:31,4
DA:33,4
DA:34,4
DA:35,4
DA:36,4
DA:37,4
DA:38,4
DA:40,1
DA:41,4
DA:43,37
DA:44,3
DA:45,3
DA:47,1
DA:48,19
LH:33
LF:33
end_of_record
SF:/Users/gruposeb/www/ten.net/src/auth/htmlEscape.ts
FN:2,escapeHtml
FNDA:24,escapeHtml
FNF:1
FNH:1
BRF:0
BRH:0
DA:2,6
DA:3,24
DA:4,24
DA:5,24
DA:6,24
DA:7,24
DA:8,24
DA:9,24
LH:8
LF:8
end_of_record
SF:/Users/gruposeb/www/ten.net/src/auth/loginHandler.ts
FN:13,cookieFlags
FN:19,createAuthRoutes
FN:34,loginGet.run
FN:51,loginPost.run
FN:106,logoutPost.run
FNDA:9,cookieFlags
FNDA:146,createAuthRoutes
FNDA:2,loginGet.run
FNDA:8,loginPost.run
FNDA:3,logoutPost.run
FNF:5
FNH:5
BRDA:14,1,0,0
BRDA:14,1,1,9
BRDA:53,4,0,0
BRDA:53,4,1,8
BRDA:54,4,0,0
BRDA:54,4,1,8
BRDA:60,4,0,2
BRDA:60,4,1,6
BRDA:65,4,0,6
BRDA:65,4,1,2
BRDA:68,4,0,5
BRDA:68,4,1,1
BRDA:70,4,0,1
BRDA:70,4,1,7
BRDA:72,4,0,6
BRDA:72,4,1,2
BRDA:107,5,0,1
BRDA:107,5,1,2
BRDA:109,5,0,2
BRDA:109,5,1,1
BRF:20
BRH:17
DA:1,18
DA:2,18
DA:3,18
DA:4,18
DA:5,18
DA:10,18
DA:11,18
DA:13,9
DA:14,9
DA:15,9
DA:16,9
DA:19,18
DA:20,18
DA:21,18
DA:23,146
DA:25,146
DA:26,146
DA:27,146
DA:28,146
DA:29,146
DA:30,146
DA:31,146
DA:32,146
DA:33,146
DA:34,146
DA:35,2
DA:36,2
DA:37,2
DA:38,2
DA:39,146
DA:40,146
DA:42,146
DA:43,146
DA:44,146
DA:45,146
DA:46,146
DA:47,146
DA:48,146
DA:49,146
DA:50,146
DA:51,146
DA:52,8
DA:53,8
DA:54,8
DA:56,8
DA:57,8
DA:58,8
DA:59,8
DA:60,8
DA:61,2
DA:62,2
DA:63,2
DA:64,2
DA:65,2
DA:68,8
DA:69,8
DA:70,8
DA:71,1
DA:72,1
DA:74,6
DA:75,6
DA:76,6
DA:77,6
DA:78,6
DA:79,6
DA:80,6
DA:81,6
DA:82,6
DA:83,6
DA:84,6
DA:85,6
DA:87,6
DA:88,6
DA:89,6
DA:90,6
DA:91,6
DA:92,6
DA:93,6
DA:94,146
DA:95,146
DA:97,146
DA:98,146
DA:99,146
DA:100,146
DA:101,146
DA:102,146
DA:103,146
DA:104,146
DA:105,146
DA:106,146
DA:107,3
DA:108,3
DA:109,3
DA:110,2
DA:111,2
DA:112,3
DA:113,3
DA:114,3
DA:115,3
DA:116,3
DA:117,3
DA:118,3
DA:119,146
DA:120,146
DA:122,146
DA:123,146
LH:106
LF:106
end_of_record
SF:/Users/gruposeb/www/ten.net/src/auth/passwordHasher.ts
FN:4,generateSalt
FN:9,hashPassword
FN:36,verifyPassword
FN:54,createPasswordHash
FNDA:159,generateSalt
FNDA:173,hashPassword
FNDA:15,verifyPassword
FNDA:151,createPasswordHash
FNF:4
FNH:4
BRDA:45,3,0,1
BRDA:45,3,1,14
BRDA:47,3,0,448
BRDA:49,3,0,14
BRDA:49,3,1,1
BRF:5
BRH:5
DA:1,21
DA:4,21
DA:5,159
DA:6,159
DA:9,21
DA:10,21
DA:11,21
DA:12,21
DA:14,173
DA:15,173
DA:16,173
DA:17,173
DA:18,173
DA:19,173
DA:20,173
DA:22,173
DA:23,173
DA:24,173
DA:25,173
DA:26,173
DA:27,173
DA:28,173
DA:29,173
DA:30,173
DA:32,173
DA:33,173
DA:36,21
DA:37,21
DA:38,21
DA:39,21
DA:40,21
DA:42,15
DA:43,15
DA:44,15
DA:45,15
DA:46,14
DA:47,15
DA:48,448
DA:49,448
DA:50,14
DA:51,15
DA:54,21
DA:55,21
DA:56,21
DA:58,151
DA:59,151
DA:60,151
DA:61,151
DA:62,151
DA:63,151
DA:64,151
LH:51
LF:51
end_of_record
SF:/Users/gruposeb/www/ten.net/src/auth/permissionsStore.ts
FN:24,<instance_members_initializer>
FN:26,PermissionsStore
FN:34,get
FN:50,set
FN:66,getAll
FN:97,getAllForMatrix
FN:117,delete
FN:130,_getFallback
FNDA:43,<instance_members_initializer>
FNDA:43,PermissionsStore
FNDA:24,get
FNDA:480,set
FNDA:3,getAll
FNDA:1,getAllForMatrix
FNDA:3,delete
FNDA:7,_getFallback
FNF:8
FNH:8
BRDA:38,3,0,22
BRDA:38,3,1,7
BRDA:38,3,2,17
BRDA:42,3,0,10
BRDA:42,3,1,7
BRDA:55,4,0,1
BRDA:55,4,1,479
BRDA:71,6,0,1
BRDA:71,6,1,2
BRDA:76,6,0,7
BRDA:81,6,0,2
BRDA:81,6,1,1
BRDA:89,6,0,2
BRDA:89,6,1,1
BRDA:103,7,0,2
BRDA:105,7,0,4
BRDA:107,7,0,2
BRDA:107,7,1,2
BRDA:118,8,0,1
BRDA:118,8,1,2
BRDA:124,8,0,2
BRDA:124,8,1,1
BRDA:136,9,0,1
BRDA:136,9,1,6
BRDA:138,9,0,1
BRDA:138,9,1,5
BRF:26
BRH:26
DA:2,17
DA:3,17
DA:5,17
DA:6,17
DA:7,17
DA:8,17
DA:9,17
DA:10,17
DA:23,17
DA:24,17
DA:26,17
DA:27,43
DA:28,43
DA:34,17
DA:35,17
DA:36,17
DA:37,17
DA:38,24
DA:40,17
DA:41,17
DA:42,24
DA:44,7
DA:45,24
DA:50,17
DA:51,17
DA:52,17
DA:53,17
DA:54,17
DA:55,480
DA:58,479
DA:59,479
DA:60,479
DA:61,480
DA:66,17
DA:67,17
DA:68,17
DA:69,3
DA:71,3
DA:73,1
DA:74,1
DA:75,1
DA:76,1
DA:77,7
DA:78,7
DA:79,1
DA:80,1
DA:81,1
DA:83,2
DA:84,2
DA:85,3
DA:87,3
DA:88,3
DA:89,3
DA:91,2
DA:92,3
DA:97,17
DA:98,17
DA:99,17
DA:100,17
DA:101,1
DA:103,1
DA:104,2
DA:105,2
DA:106,4
DA:107,4
DA:108,4
DA:109,2
DA:111,1
DA:112,1
DA:117,17
DA:118,3
DA:120,2
DA:121,2
DA:122,3
DA:123,3
DA:124,3
DA:125,3
DA:130,17
DA:131,17
DA:132,17
DA:133,17
DA:134,7
DA:135,7
DA:136,7
DA:137,6
DA:138,7
DA:139,5
DA:140,7
DA:141,17
LH:89
LF:89
end_of_record
SF:/Users/gruposeb/www/ten.net/src/auth/securityHeaders.ts
FN:4,securityHeadersMiddleware
FNDA:36,securityHeadersMiddleware
FNF:1
FNH:1
BRDA:14,1,0,16
BRDA:14,1,1,20
BRF:2
BRH:2
DA:4,17
DA:5,17
DA:6,17
DA:8,36
DA:9,36
DA:11,36
DA:12,36
DA:14,36
DA:15,16
DA:16,16
DA:17,16
DA:19,36
DA:20,36
DA:21,36
DA:22,36
DA:23,36
DA:24,17
LH:17
LF:17
end_of_record
SF:/Users/gruposeb/www/ten.net/src/auth/sessionStore.ts
FN:13,<instance_members_initializer>
FN:15,get
FN:24,set
FN:29,delete
FN:34,deleteByUserId
FNDA:104,<instance_members_initializer>
FNDA:46,get
FNDA:44,set
FNDA:18,delete
FNDA:291,deleteByUserId
FNF:5
FNH:5
BRDA:16,2,0,7
BRDA:16,2,1,39
BRDA:17,2,0,39
BRDA:17,2,1,2
BRDA:20,2,0,44
BRDA:20,2,1,2
BRDA:35,5,0,38
BRDA:35,5,1,253
BRDA:36,5,0,20
BRDA:36,5,1,18
BRF:10
BRH:10
DA:12,20
DA:13,20
DA:15,20
DA:16,46
DA:17,46
DA:18,2
DA:19,2
DA:20,2
DA:21,44
DA:22,46
DA:24,20
DA:25,44
DA:26,44
DA:27,44
DA:29,20
DA:30,18
DA:31,18
DA:32,18
DA:34,20
DA:35,291
DA:36,38
DA:37,20
DA:38,20
DA:39,38
DA:40,291
DA:41,291
DA:42,20
LH:27
LF:27
end_of_record
SF:/Users/gruposeb/www/ten.net/src/auth/types.ts
FNF:0
FNH:0
BRF:0
BRH:0
DA:38,22
DA:39,22
DA:40,22
DA:41,22
DA:42,22
DA:43,22
DA:44,22
DA:45,22
DA:46,22
DA:47,22
DA:48,22
DA:49,22
DA:50,22
DA:51,22
DA:52,22
DA:53,22
DA:54,22
DA:55,22
DA:56,22
DA:57,22
DA:58,22
DA:59,22
DA:60,22
DA:61,22
DA:62,22
DA:63,22
DA:64,22
DA:65,22
DA:66,22
LH:29
LF:29
end_of_record
SF:/Users/gruposeb/www/ten.net/src/auth/userStore.ts
FN:13,<instance_members_initializer>
FN:15,get
FN:19,set
FN:24,delete
FN:31,seedDefaultAdmin
FNDA:100,<instance_members_initializer>
FNDA:112,get
FNDA:99,set
FNDA:1,delete
FNDA:141,seedDefaultAdmin
FNF:5
FNH:5
BRDA:16,2,0,99
BRDA:16,2,1,13
BRDA:33,5,0,2
BRDA:33,5,1,139
BRF:4
BRH:4
DA:2,19
DA:12,19
DA:13,19
DA:15,19
DA:16,112
DA:17,112
DA:19,19
DA:20,99
DA:21,99
DA:22,99
DA:24,19
DA:25,1
DA:26,1
DA:27,1
DA:28,19
DA:31,19
DA:32,141
DA:33,141
DA:35,139
DA:36,139
DA:37,139
DA:38,139
DA:39,139
DA:40,139
DA:41,139
DA:42,139
DA:43,139
DA:44,139
DA:45,141
LH:29
LF:29
end_of_record
SF:/Users/gruposeb/www/ten.net/src/build/build.ts
FN:66,<instance_members_initializer>
FN:69,BuildStageError
FN:77,getTotalSteps
FN:81,getBuildMode
FN:87,summarizeManifest
FN:123,normalizeBuildError
FN:131,decodeCommandOutput
FN:135,buildCommandDetails
FN:153,buildNextStepMessage
FN:165,runBuildStep
FN:185,build
FN:242,pageRoutes
FN:260,runBuildStep.manifestBytes.manifestBytes
FN:281,encryptedPayload
FN:294,compiledCode
FN:337,runBuildStep.binaryPath.binaryPath
FNDA:0,<instance_members_initializer>
FNDA:0,BuildStageError
FNDA:9,getTotalSteps
FNDA:18,getBuildMode
FNDA:9,summarizeManifest
FNDA:0,normalizeBuildError
FNDA:0,decodeCommandOutput
FNDA:0,buildCommandDetails
FNDA:9,buildNextStepMessage
FNDA:46,runBuildStep
FNDA:9,build
FNDA:9,pageRoutes
FNDA:9,runBuildStep.manifestBytes.manifestBytes
FNDA:9,encryptedPayload
FNDA:9,compiledCode
FNDA:1,runBuildStep.binaryPath.binaryPath
FNF:16
FNH:11
BRDA:78,3,0,0
BRDA:78,3,1,1
BRDA:78,3,2,8
BRDA:84,4,0,2
BRDA:84,4,1,16
BRDA:96,7,0,18
BRDA:96,7,1,36
BRDA:100,8,0,36
BRDA:100,8,1,18
BRDA:158,14,0,1
BRDA:158,14,1,1
BRDA:160,14,0,8
BRDA:160,14,1,1
BRDA:177,15,0,0
BRDA:177,15,1,46
BRDA:186,16,0,0
BRDA:186,16,1,9
BRDA:187,16,0,0
BRDA:187,16,1,9
BRDA:188,16,0,0
BRDA:188,16,1,9
BRDA:189,16,0,0
BRDA:189,16,1,9
BRDA:192,16,0,2
BRDA:192,16,1,7
BRDA:198,16,0,7
BRDA:198,16,1,2
BRDA:211,16,0,0
BRDA:211,16,1,9
BRDA:333,16,0,1
BRDA:333,16,1,8
BRDA:415,16,0,0
BRDA:415,16,1,9
BRDA:268,22,0,0
BRDA:268,22,1,9
BRDA:359,29,0,0
BRDA:359,29,1,1
BRDA:371,29,0,0
BRDA:371,29,1,1
BRDA:379,30,0,0
BRDA:379,30,1,1
BRF:41
BRH:29
DA:9,17
DA:10,17
DA:11,17
DA:12,17
DA:13,17
DA:14,17
DA:15,17
DA:16,17
DA:17,17
DA:18,17
DA:19,17
DA:20,17
DA:22,17
DA:23,17
DA:65,17
DA:66,0
DA:67,0
DA:69,0
DA:70,0
DA:71,0
DA:72,0
DA:73,0
DA:74,0
DA:75,17
DA:77,9
DA:78,9
DA:79,9
DA:81,18
DA:82,18
DA:84,18
DA:85,18
DA:87,9
DA:88,9
DA:89,9
DA:90,9
DA:92,9
DA:93,9
DA:94,9
DA:95,9
DA:96,9
DA:97,9
DA:98,9
DA:99,9
DA:100,9
DA:101,9
DA:102,9
DA:103,9
DA:104,9
DA:105,9
DA:106,9
DA:108,9
DA:110,9
DA:111,9
DA:112,9
DA:113,9
DA:114,9
DA:115,9
DA:116,9
DA:117,9
DA:118,9
DA:119,9
DA:120,9
DA:121,9
DA:123,0
DA:124,0
DA:125,0
DA:126,0
DA:127,0
DA:128,0
DA:129,0
DA:131,0
DA:132,0
DA:133,0
DA:135,0
DA:136,0
DA:137,0
DA:139,0
DA:140,0
DA:141,0
DA:143,0
DA:144,0
DA:145,0
DA:146,0
DA:147,0
DA:148,0
DA:150,0
DA:151,0
DA:153,9
DA:154,9
DA:155,9
DA:156,9
DA:158,9
DA:159,1
DA:160,1
DA:162,8
DA:163,9
DA:165,46
DA:166,46
DA:167,46
DA:168,46
DA:169,46
DA:171,46
DA:173,46
DA:174,46
DA:175,46
DA:176,46
DA:177,0
DA:178,0
DA:179,0
DA:180,0
DA:181,0
DA:182,46
DA:185,17
DA:186,9
DA:187,9
DA:188,9
DA:189,9
DA:190,9
DA:191,9
DA:192,9
DA:193,9
DA:194,9
DA:195,9
DA:196,9
DA:198,9
DA:199,7
DA:200,7
DA:202,9
DA:203,9
DA:204,9
DA:205,9
DA:206,9
DA:207,9
DA:208,9
DA:210,9
DA:211,0
DA:212,0
DA:213,0
DA:214,0
DA:215,0
DA:216,0
DA:217,0
DA:218,0
DA:220,0
DA:221,0
DA:222,0
DA:223,0
DA:225,0
DA:226,0
DA:227,0
DA:228,0
DA:230,0
DA:231,0
DA:232,0
DA:233,0
DA:234,0
DA:235,0
DA:236,0
DA:237,0
DA:239,9
DA:240,9
DA:241,9
DA:242,9
DA:243,9
DA:244,9
DA:245,9
DA:246,9
DA:247,9
DA:248,9
DA:249,9
DA:250,9
DA:253,9
DA:254,9
DA:257,9
DA:258,9
DA:259,9
DA:260,9
DA:261,9
DA:262,9
DA:264,9
DA:265,9
DA:266,9
DA:267,9
DA:268,9
DA:269,9
DA:270,9
DA:272,9
DA:273,9
DA:274,9
DA:275,9
DA:278,9
DA:279,9
DA:280,9
DA:281,9
DA:282,9
DA:283,9
DA:284,9
DA:285,9
DA:286,9
DA:287,9
DA:288,9
DA:291,9
DA:292,9
DA:293,9
DA:294,9
DA:295,9
DA:296,9
DA:297,9
DA:298,9
DA:300,9
DA:303,9
DA:304,9
DA:305,9
DA:306,9
DA:307,9
DA:308,9
DA:309,9
DA:310,9
DA:311,9
DA:312,9
DA:315,9
DA:316,9
DA:317,9
DA:318,9
DA:321,9
DA:322,9
DA:323,9
DA:324,9
DA:325,9
DA:326,9
DA:327,9
DA:328,9
DA:329,9
DA:330,9
DA:331,9
DA:333,9
DA:334,1
DA:335,1
DA:336,1
DA:337,1
DA:338,1
DA:339,1
DA:340,1
DA:341,1
DA:342,1
DA:344,1
DA:345,1
DA:346,1
DA:347,1
DA:348,1
DA:350,1
DA:351,1
DA:353,1
DA:354,1
DA:355,1
DA:356,1
DA:357,1
DA:359,0
DA:360,0
DA:361,0
DA:362,0
DA:363,0
DA:365,0
DA:367,1
DA:368,1
DA:369,1
DA:370,1
DA:371,0
DA:373,0
DA:375,1
DA:376,1
DA:377,1
DA:378,1
DA:379,1
DA:380,1
DA:383,1
DA:384,1
DA:385,1
DA:387,9
DA:388,9
DA:389,9
DA:390,9
DA:391,9
DA:392,9
DA:393,9
DA:394,9
DA:395,9
DA:396,9
DA:397,9
DA:398,9
DA:399,9
DA:400,9
DA:401,9
DA:402,9
DA:403,9
DA:404,9
DA:405,9
DA:406,9
DA:407,9
DA:408,9
DA:409,9
DA:411,9
DA:412,9
DA:414,9
DA:415,0
DA:416,0
DA:417,0
DA:418,0
DA:419,0
DA:420,0
DA:421,0
DA:422,0
DA:423,0
DA:424,9
LH:236
LF:314
end_of_record
SF:/Users/gruposeb/www/ten.net/src/build/buildCommand.ts
FN:5,main
FNDA:3,main
FNF:1
FNH:1
BRDA:18,1,0,0
BRDA:18,1,1,3
BRDA:23,1,0,1
BRDA:23,1,1,2
BRDA:26,1,0,2
BRDA:26,1,1,1
BRDA:36,1,0,0
BRDA:36,1,1,2
BRF:8
BRH:6
DA:1,6
DA:2,6
DA:3,6
DA:5,3
DA:6,3
DA:7,3
DA:8,3
DA:9,3
DA:10,3
DA:11,3
DA:12,3
DA:13,3
DA:14,3
DA:15,3
DA:16,3
DA:18,0
DA:19,0
DA:20,0
DA:21,0
DA:23,3
DA:24,1
DA:25,1
DA:26,1
DA:28,2
DA:29,2
DA:30,2
DA:31,2
DA:32,2
DA:33,2
DA:34,2
DA:35,2
DA:36,0
DA:37,0
DA:38,0
DA:39,3
DA:41,6
DA:42,6
DA:43,6
LH:31
LF:38
end_of_record
SF:/Users/gruposeb/www/ten.net/src/build/buildReporter.ts
FN:13,countLabel
FN:71,<instance_members_initializer>
FN:79,BuildReporter
FN:87,start
FN:103,startStep
FN:118,finishStep
FN:133,warningBlock
FN:142,reportFailure
FN:161,finish
FN:233,#renderSpinnerFrame
FN:243,#stepPrefix
FN:247,#formatStepLine
FNDA:30,countLabel
FNDA:24,<instance_members_initializer>
FNDA:24,BuildReporter
FNDA:24,start
FNDA:53,startStep
FNDA:53,finishStep
FNDA:3,warningBlock
FNDA:5,reportFailure
FNDA:13,finish
FNDA:1,#renderSpinnerFrame
FNDA:17,#stepPrefix
FNDA:16,#formatStepLine
FNF:12
FNH:12
BRDA:14,1,0,7
BRDA:14,1,1,23
BRDA:80,3,0,0
BRDA:80,3,1,24
BRDA:81,3,0,9
BRDA:81,3,1,15
BRDA:83,3,0,9
BRDA:83,3,1,15
BRDA:84,3,0,2
BRDA:84,3,1,0
BRDA:88,4,0,8
BRDA:88,4,1,16
BRDA:104,5,0,37
BRDA:104,5,1,17
BRDA:104,5,2,16
BRDA:109,5,0,1
BRDA:109,5,1,16
BRDA:113,5,0,16
BRDA:113,5,1,1
BRDA:119,7,0,37
BRDA:119,7,1,17
BRDA:119,7,2,16
BRDA:120,7,0,0
BRDA:120,7,1,16
BRDA:123,7,0,1
BRDA:123,7,1,16
BRDA:126,7,0,1
BRDA:126,7,1,16
BRDA:128,7,0,16
BRDA:128,7,1,1
BRDA:129,7,0,3
BRDA:129,7,1,13
BRDA:134,8,0,2
BRDA:134,8,1,2
BRDA:134,8,2,1
BRDA:137,8,0,2
BRDA:137,8,1,1
BRDA:139,8,0,1
BRDA:139,8,1,2
BRDA:143,9,0,1
BRDA:143,9,1,4
BRDA:144,9,0,2
BRDA:144,9,1,3
BRDA:146,9,0,4
BRDA:146,9,1,1
BRDA:152,9,0,2
BRDA:152,9,1,2
BRDA:155,9,0,3
BRDA:162,10,0,8
BRDA:162,10,1,6
BRDA:162,10,2,5
BRDA:164,10,0,1
BRDA:164,10,1,5
BRDA:165,10,0,4
BRDA:165,10,1,9
BRDA:171,10,0,6
BRDA:171,10,1,1
BRDA:173,10,0,0
BRDA:173,10,1,1
BRDA:176,10,0,5
BRDA:176,10,1,1
BRDA:217,10,0,2
BRDA:217,10,1,4
BRDA:225,10,0,3
BRDA:225,10,1,3
BRDA:227,10,0,5
BRDA:227,10,1,1
BRDA:234,11,0,0
BRDA:234,11,1,1
BRDA:253,13,0,12
BRDA:253,13,1,4
BRDA:254,13,0,4
BRDA:254,13,1,12
BRDA:255,13,0,1
BRDA:255,13,1,3
BRDA:256,13,0,3
BRDA:256,13,1,1
BRDA:260,13,0,0
BRDA:260,13,1,16
BRF:79
BRH:73
DA:1,19
DA:2,19
DA:3,19
DA:4,19
DA:5,19
DA:6,19
DA:7,19
DA:9,19
DA:11,19
DA:13,30
DA:14,30
DA:15,30
DA:70,19
DA:71,19
DA:72,24
DA:73,24
DA:75,24
DA:76,24
DA:77,19
DA:79,19
DA:80,24
DA:81,24
DA:82,24
DA:83,24
DA:84,24
DA:85,24
DA:87,19
DA:88,24
DA:90,16
DA:92,16
DA:93,16
DA:94,16
DA:95,16
DA:96,16
DA:97,16
DA:98,16
DA:99,16
DA:100,16
DA:101,24
DA:103,19
DA:104,53
DA:106,16
DA:107,16
DA:109,17
DA:110,1
DA:111,1
DA:112,1
DA:113,1
DA:115,16
DA:116,53
DA:118,19
DA:119,53
DA:120,0
DA:122,16
DA:123,17
DA:125,16
DA:126,17
DA:127,1
DA:128,1
DA:129,53
DA:130,53
DA:131,53
DA:133,19
DA:134,3
DA:136,1
DA:137,3
DA:138,2
DA:139,2
DA:140,3
DA:142,19
DA:143,5
DA:144,5
DA:145,2
DA:146,2
DA:148,4
DA:149,4
DA:150,4
DA:151,4
DA:152,5
DA:153,2
DA:154,2
DA:155,2
DA:156,3
DA:157,3
DA:158,2
DA:159,5
DA:161,19
DA:162,13
DA:164,13
DA:165,13
DA:166,13
DA:168,13
DA:169,13
DA:170,13
DA:171,13
DA:172,1
DA:173,1
DA:174,1
DA:175,1
DA:176,1
DA:177,5
DA:178,5
DA:179,5
DA:180,5
DA:181,5
DA:182,5
DA:183,5
DA:184,5
DA:187,5
DA:188,5
DA:189,5
DA:190,5
DA:191,5
DA:192,5
DA:195,5
DA:196,5
DA:198,5
DA:199,5
DA:201,5
DA:202,5
DA:204,5
DA:205,5
DA:206,5
DA:207,5
DA:208,5
DA:209,5
DA:212,5
DA:213,5
DA:215,5
DA:216,5
DA:217,6
DA:218,2
DA:219,2
DA:220,2
DA:221,2
DA:224,2
DA:225,6
DA:226,3
DA:227,3
DA:228,5
DA:229,5
DA:230,5
DA:231,13
DA:233,19
DA:234,0
DA:235,1
DA:236,1
DA:237,1
DA:238,1
DA:239,1
DA:240,1
DA:241,1
DA:243,19
DA:244,17
DA:245,17
DA:247,19
DA:248,19
DA:249,19
DA:250,19
DA:251,19
DA:253,16
DA:254,16
DA:255,16
DA:256,16
DA:257,16
DA:259,16
DA:260,16
DA:261,16
DA:262,19
LH:167
LF:169
end_of_record
SF:/Users/gruposeb/www/ten.net/src/build/bundleRoutes.ts
FN:38,discoverRouteEntrypoints
FN:79,bundleRoutes
FNDA:4,discoverRouteEntrypoints
FNDA:2,bundleRoutes
FNF:2
FNH:2
BRDA:46,1,0,2
BRDA:46,1,1,2
BRDA:50,1,0,34
BRDA:51,1,0,20
BRDA:51,1,1,14
BRDA:58,1,0,4
BRDA:58,1,1,30
BRDA:61,1,0,2
BRDA:61,1,1,2
BRDA:82,2,0,0
BRDA:82,2,1,2
BRDA:84,2,0,1
BRDA:84,2,1,1
BRDA:89,2,0,1
BRDA:89,2,1,1
BRDA:109,2,0,0
BRDA:109,2,1,2
BRF:17
BRH:15
DA:8,18
DA:9,18
DA:38,18
DA:39,18
DA:40,18
DA:42,4
DA:44,4
DA:45,4
DA:46,4
DA:47,2
DA:48,2
DA:50,4
DA:51,34
DA:53,14
DA:55,14
DA:56,14
DA:57,14
DA:58,34
DA:60,4
DA:61,34
DA:63,2
DA:64,4
DA:79,18
DA:80,18
DA:82,2
DA:83,2
DA:84,2
DA:85,2
DA:87,2
DA:89,2
DA:90,1
DA:91,1
DA:93,1
DA:95,1
DA:96,1
DA:97,1
DA:100,1
DA:101,1
DA:103,1
DA:104,1
DA:105,1
DA:106,1
DA:107,1
DA:108,1
DA:109,0
DA:110,0
DA:111,0
DA:112,0
DA:113,0
DA:114,0
DA:115,0
DA:116,0
DA:117,2
LH:45
LF:53
end_of_record
SF:/Users/gruposeb/www/ten.net/src/build/codeGenerator.ts
FN:1,generateCompiledApp
FN:46,generateCompiledAppStandalone
FNDA:10,generateCompiledApp
FNDA:1,generateCompiledAppStandalone
FNF:2
FNH:2
BRF:0
BRH:0
DA:1,18
DA:2,18
DA:3,18
DA:4,18
DA:6,10
DA:10,10
DA:11,10
DA:12,10
DA:43,10
DA:44,10
DA:46,18
DA:47,18
DA:48,18
DA:49,18
DA:50,18
DA:52,1
DA:55,1
DA:57,1
DA:58,1
DA:59,1
DA:64,1
DA:65,1
LH:22
LF:22
end_of_record
SF:/Users/gruposeb/www/ten.net/src/build/collector.ts
FN:10,collectManifest
FN:23,collectRoutes
FN:96,collectLayouts
FN:122,collectAssets
FNDA:15,collectManifest
FNDA:15,collectRoutes
FNDA:15,collectLayouts
FNDA:15,collectAssets
FNF:4
FNH:4
BRDA:35,2,0,255
BRDA:36,2,0,150
BRDA:36,2,1,105
BRDA:45,2,0,30
BRDA:45,2,1,225
BRDA:47,2,0,105
BRDA:47,2,1,150
BRDA:52,2,0,45
BRDA:52,2,1,210
BRDA:54,2,0,105
BRDA:54,2,1,150
BRDA:56,2,0,30
BRDA:56,2,1,15
BRDA:56,2,2,90
BRDA:62,2,0,75
BRDA:62,2,1,15
BRDA:73,3,0,75
BRDA:73,3,1,15
BRDA:77,3,0,0
BRDA:77,3,1,75
BRDA:102,4,0,90
BRDA:103,4,0,30
BRDA:103,4,1,60
BRDA:108,4,0,0
BRDA:108,4,1,90
BRDA:114,4,0,60
BRDA:114,4,1,30
BRDA:131,5,0,0
BRDA:131,5,1,15
BRF:29
BRH:26
DA:1,19
DA:2,19
DA:3,19
DA:4,19
DA:5,19
DA:6,19
DA:7,19
DA:10,19
DA:11,19
DA:12,19
DA:13,19
DA:15,15
DA:16,15
DA:17,15
DA:18,15
DA:20,15
DA:21,15
DA:23,15
DA:24,15
DA:25,15
DA:27,15
DA:33,15
DA:35,15
DA:36,255
DA:38,105
DA:39,105
DA:40,105
DA:42,105
DA:43,105
DA:44,105
DA:45,255
DA:47,30
DA:49,105
DA:50,105
DA:51,105
DA:52,255
DA:54,45
DA:56,255
DA:58,90
DA:59,90
DA:60,90
DA:62,255
DA:63,255
DA:65,255
DA:66,255
DA:68,15
DA:69,15
DA:70,90
DA:71,90
DA:73,90
DA:74,75
DA:75,75
DA:76,75
DA:77,0
DA:78,0
DA:79,0
DA:80,75
DA:82,90
DA:83,90
DA:84,90
DA:85,90
DA:86,90
DA:87,90
DA:88,90
DA:89,90
DA:90,15
DA:93,15
DA:94,15
DA:96,15
DA:97,15
DA:98,15
DA:100,15
DA:102,15
DA:103,90
DA:105,60
DA:106,60
DA:108,0
DA:109,0
DA:110,0
DA:111,0
DA:113,0
DA:114,0
DA:116,60
DA:117,60
DA:119,15
DA:120,15
DA:122,15
DA:123,15
DA:125,15
DA:127,15
DA:128,15
DA:129,15
DA:130,15
DA:131,15
DA:133,0
DA:134,0
DA:136,0
DA:137,0
DA:138,0
DA:139,0
DA:141,0
DA:142,0
DA:144,0
DA:145,0
DA:146,0
DA:147,0
DA:148,0
DA:150,0
DA:151,15
LH:86
LF:109
end_of_record
SF:/Users/gruposeb/www/ten.net/src/build/crypto.ts
FN:16,deriveKey
FN:44,encrypt
FN:60,decrypt
FN:75,exportKeyRaw
FN:80,importKeyRaw
FN:91,generateSalt
FN:96,generateSecret
FN:102,compressData
FN:104,start
FN:126,decompressData
FN:128,start
FNDA:21,deriveKey
FNDA:16,encrypt
FNDA:5,decrypt
FNDA:14,exportKeyRaw
FNDA:1,importKeyRaw
FNDA:19,generateSalt
FNDA:10,generateSecret
FNDA:11,compressData
FNDA:11,start
FNDA:1,decompressData
FNDA:1,start
FNF:11
FNH:11
BRDA:69,3,0,4
BRDA:69,3,1,1
BRDA:111,8,0,22
BRDA:118,8,0,22
BRF:4
BRH:4
DA:9,18
DA:11,18
DA:12,18
DA:13,18
DA:16,18
DA:17,18
DA:18,18
DA:20,21
DA:21,21
DA:22,21
DA:23,21
DA:24,21
DA:25,21
DA:26,21
DA:29,21
DA:30,21
DA:31,21
DA:32,21
DA:33,21
DA:34,21
DA:35,21
DA:36,21
DA:37,21
DA:38,21
DA:39,21
DA:41,21
DA:44,18
DA:45,18
DA:46,18
DA:48,16
DA:49,16
DA:50,16
DA:51,16
DA:52,16
DA:53,16
DA:56,16
DA:57,16
DA:60,18
DA:61,18
DA:62,18
DA:63,18
DA:65,5
DA:66,5
DA:67,5
DA:68,5
DA:69,5
DA:72,5
DA:75,18
DA:76,14
DA:77,14
DA:80,18
DA:81,1
DA:82,1
DA:83,1
DA:84,1
DA:85,1
DA:86,1
DA:88,1
DA:91,18
DA:92,19
DA:93,19
DA:96,18
DA:97,10
DA:98,10
DA:99,10
DA:102,18
DA:103,11
DA:104,11
DA:105,11
DA:106,11
DA:107,11
DA:108,11
DA:110,11
DA:111,11
DA:112,22
DA:113,22
DA:115,11
DA:116,11
DA:117,11
DA:118,11
DA:119,22
DA:120,22
DA:121,22
DA:122,11
DA:123,11
DA:126,18
DA:127,1
DA:128,1
DA:129,1
DA:130,1
DA:131,1
DA:132,1
DA:134,1
DA:135,1
DA:136,1
DA:137,1
DA:139,1
DA:140,1
DA:141,1
DA:142,1
DA:143,1
DA:144,1
DA:145,1
DA:146,1
DA:147,1
DA:150,18
DA:153,18
LH:107
LF:107
end_of_record
SF:/Users/gruposeb/www/ten.net/src/build/mimeTypes.ts
FN:34,getMimeType
FNDA:19,getMimeType
FNF:1
FNH:1
BRDA:36,1,0,2
BRDA:36,1,1,17
BRF:2
BRH:2
DA:1,20
DA:2,20
DA:3,20
DA:4,20
DA:5,20
DA:6,20
DA:7,20
DA:8,20
DA:9,20
DA:10,20
DA:11,20
DA:12,20
DA:13,20
DA:14,20
DA:15,20
DA:16,20
DA:17,20
DA:18,20
DA:19,20
DA:20,20
DA:21,20
DA:22,20
DA:23,20
DA:24,20
DA:25,20
DA:26,20
DA:27,20
DA:28,20
DA:29,20
DA:30,20
DA:31,20
DA:32,20
DA:34,20
DA:35,19
DA:36,19
DA:37,19
LH:36
LF:36
end_of_record
SF:/Users/gruposeb/www/ten.net/src/cli.ts
FN:14,main
FNDA:4,main
FNF:1
FNH:1
BRDA:27,1,0,1
BRDA:27,1,1,3
BRDA:30,1,0,3
BRDA:30,1,1,1
BRDA:32,1,0,2
BRDA:32,1,1,1
BRDA:34,1,0,3
BRDA:34,1,1,1
BRDA:37,1,0,2
BRDA:37,1,1,1
BRDA:39,1,0,1
BRDA:39,1,1,1
BRDA:44,1,0,0
BRDA:44,1,1,1
BRDA:49,1,0,0
BRDA:49,1,1,1
BRF:16
BRH:14
DA:9,8
DA:10,8
DA:11,8
DA:12,8
DA:14,4
DA:15,4
DA:16,4
DA:17,4
DA:18,4
DA:19,4
DA:20,4
DA:21,4
DA:22,4
DA:23,4
DA:24,4
DA:25,4
DA:27,4
DA:28,1
DA:29,1
DA:30,1
DA:32,4
DA:34,4
DA:35,1
DA:36,1
DA:37,1
DA:39,4
DA:40,1
DA:41,1
DA:42,1
DA:44,0
DA:45,0
DA:46,0
DA:47,0
DA:49,0
DA:50,0
DA:51,0
DA:52,0
DA:53,0
DA:54,0
DA:55,0
DA:56,0
DA:57,0
DA:58,0
DA:59,0
DA:60,0
DA:61,0
DA:62,1
DA:63,1
DA:64,1
DA:65,1
DA:66,1
DA:67,4
DA:69,8
DA:70,8
DA:71,8
LH:38
LF:55
end_of_record
SF:/Users/gruposeb/www/ten.net/src/cliShared.ts
FN:4,buildHeader
FN:8,printVersion
FN:13,printCliHelp
FN:35,printBuildHelp
FNDA:4,buildHeader
FNDA:1,printVersion
FNDA:2,printCliHelp
FNDA:2,printBuildHelp
FNF:4
FNH:4
BRF:0
BRH:0
DA:1,14
DA:2,14
DA:4,4
DA:5,4
DA:6,4
DA:8,14
DA:9,1
DA:10,1
DA:11,1
DA:13,14
DA:14,2
DA:15,2
DA:16,2
DA:17,2
DA:18,2
DA:19,2
DA:20,2
DA:21,2
DA:22,2
DA:23,2
DA:24,2
DA:25,2
DA:26,2
DA:27,2
DA:28,2
DA:29,2
DA:30,2
DA:32,2
DA:33,2
DA:35,14
DA:36,2
DA:37,2
DA:38,2
DA:39,2
DA:40,2
DA:41,2
DA:42,2
DA:43,2
DA:44,2
DA:45,2
DA:46,2
DA:47,2
DA:48,2
DA:49,2
DA:50,2
DA:51,2
DA:52,2
DA:53,2
DA:54,2
DA:55,2
DA:56,2
DA:57,2
DA:58,2
DA:59,2
DA:60,2
DA:61,2
DA:63,2
DA:64,2
LH:58
LF:58
end_of_record
SF:/Users/gruposeb/www/ten.net/src/embedded/embeddedRouterEngine.ts
FN:4,embeddedRouterEngine
FNDA:8,embeddedRouterEngine
FNF:1
FNH:1
BRF:0
BRH:0
DA:1,5
DA:4,5
DA:5,8
DA:6,27
DA:7,27
DA:8,27
DA:9,27
DA:10,27
DA:11,27
DA:12,27
DA:14,27
DA:16,27
DA:17,8
DA:18,8
LH:14
LF:14
end_of_record
SF:/Users/gruposeb/www/ten.net/src/layout/dashboard.tsx
FN:8,Dashboard
FNDA:174,Dashboard
FNF:1
FNH:1
BRF:0
BRH:0
DA:1,18
DA:2,18
DA:3,18
DA:5,18
DA:8,18
DA:9,18
DA:12,18
DA:14,174
DA:15,174
DA:16,174
DA:17,174
DA:18,174
DA:19,174
DA:20,174
DA:21,174
DA:23,174
DA:24,174
DA:25,174
DA:26,174
DA:31,174
DA:32,174
DA:33,174
DA:34,174
DA:35,174
DA:36,174
DA:37,174
DA:38,174
DA:39,174
DA:40,174
DA:41,174
DA:42,174
DA:44,174
DA:45,174
DA:46,174
DA:47,174
DA:49,174
DA:50,174
DA:51,174
DA:52,174
DA:53,174
DA:54,174
DA:55,174
DA:56,174
DA:58,174
DA:59,174
DA:60,174
DA:61,174
DA:65,174
DA:66,174
DA:67,174
DA:69,174
DA:70,174
DA:71,174
DA:72,174
DA:73,174
DA:80,174
DA:81,174
DA:82,174
DA:83,174
DA:85,174
DA:88,174
DA:89,174
DA:92,174
DA:93,174
DA:94,174
DA:96,174
DA:101,174
LH:67
LF:67
end_of_record
SF:/Users/gruposeb/www/ten.net/src/models/Permission.ts
FN:20,parsePermissions
FN:36,serializePermissions
FN:44,buildPermissionKey
FNDA:9,parsePermissions
FNDA:4,serializePermissions
FNDA:509,buildPermissionKey
FNF:3
FNH:3
BRDA:23,1,0,1
BRDA:23,1,1,6
BRDA:28,1,0,2
BRDA:28,1,1,7
BRDA:25,2,0,14
BRDA:25,2,1,2
BRF:6
BRH:6
DA:20,23
DA:21,9
DA:22,9
DA:23,9
DA:24,6
DA:25,6
DA:26,14
DA:28,9
DA:29,2
DA:30,2
DA:31,9
DA:36,23
DA:37,4
DA:38,4
DA:44,23
DA:45,23
DA:46,23
DA:48,509
DA:49,509
DA:55,23
DA:56,23
LH:21
LF:21
end_of_record
SF:/Users/gruposeb/www/ten.net/src/models/Plugin.ts
FN:23,<instance_members_initializer>
FN:25,Plugin
FN:30,get slug
FN:35,validate
FNDA:475,<instance_members_initializer>
FNDA:475,Plugin
FNDA:960,get slug
FNDA:218,validate
FNF:4
FNH:4
BRDA:39,4,0,1389
BRDA:41,4,0,1347
BRDA:41,4,1,1343
BRDA:41,4,2,560
BRDA:42,4,0,526
BRDA:42,4,1,34
BRDA:46,4,0,960
BRDA:46,4,1,829
BRDA:47,4,0,774
BRDA:47,4,1,2
BRDA:49,4,0,829
BRDA:49,4,1,560
BRDA:51,4,0,0
BRDA:51,4,1,0
BRDA:52,4,0,0
BRDA:52,4,1,1389
BRDA:54,4,0,829
BRDA:54,4,1,560
BRDA:56,4,0,55
BRDA:56,4,1,54
BRDA:56,4,2,50
BRDA:58,4,0,1
BRDA:58,4,1,1388
BRF:23
BRH:20
DA:1,24
DA:2,24
DA:15,24
DA:23,24
DA:25,24
DA:27,475
DA:30,24
DA:31,960
DA:32,960
DA:35,24
DA:36,24
DA:37,24
DA:38,218
DA:39,218
DA:40,1389
DA:41,1389
DA:42,560
DA:43,526
DA:44,526
DA:45,560
DA:46,560
DA:47,1389
DA:48,2
DA:49,2
DA:50,0
DA:51,0
DA:52,0
DA:53,0
DA:54,0
DA:55,1389
DA:56,1389
DA:57,1389
DA:58,1389
DA:59,1
DA:60,1
DA:61,1389
DA:62,218
DA:63,218
DA:64,24
LH:34
LF:39
end_of_record
SF:/Users/gruposeb/www/ten.net/src/models/Route.ts
FN:6,<instance_members_initializer>
FN:33,Route
FN:48,set method
FN:67,get method
FN:72,get isAdmin
FN:78,get run
FN:88,set run
FN:100,set page
FN:105,get page
FN:110,get isView
FN:138,import
FNDA:3077,<instance_members_initializer>
FNDA:3077,Route
FNDA:3053,set method
FNDA:265,get method
FNDA:28,get isAdmin
FNDA:296,get run
FNDA:2936,set run
FNDA:232,set page
FNDA:34,get page
FNDA:51,get isView
FNDA:41,import
FNF:11
FNH:11
BRDA:53,3,0,3052
BRDA:53,3,1,1
BRDA:111,10,0,26
BRDA:111,10,1,25
BRDA:145,11,0,18
BRDA:145,11,1,23
BRDA:154,11,0,6
BRDA:154,11,1,3
BRDA:156,11,0,20
BRDA:156,11,1,21
BRDA:159,11,0,3
BRDA:159,11,1,38
BRF:12
BRH:12
DA:1,26
DA:4,26
DA:6,26
DA:8,3077
DA:10,3077
DA:12,3077
DA:14,3077
DA:15,3077
DA:16,3077
DA:24,3077
DA:25,26
DA:33,26
DA:39,26
DA:40,3077
DA:41,3077
DA:42,3077
DA:43,3077
DA:44,3077
DA:45,3077
DA:48,26
DA:49,3053
DA:50,3053
DA:51,3053
DA:52,3053
DA:53,3053
DA:54,3052
DA:63,3052
DA:64,3053
DA:67,26
DA:68,265
DA:69,265
DA:72,26
DA:73,28
DA:74,28
DA:75,28
DA:78,26
DA:83,26
DA:84,296
DA:85,296
DA:88,26
DA:89,26
DA:94,26
DA:95,26
DA:96,2936
DA:97,2936
DA:100,26
DA:101,232
DA:102,232
DA:105,26
DA:106,34
DA:107,34
DA:110,26
DA:111,51
DA:112,51
DA:138,26
DA:144,26
DA:145,41
DA:146,23
DA:147,23
DA:148,23
DA:154,41
DA:155,3
DA:156,3
DA:157,20
DA:158,20
DA:159,41
DA:160,3
DA:161,3
DA:162,3
DA:163,41
DA:164,26
LH:71
LF:71
end_of_record
SF:/Users/gruposeb/www/ten.net/src/models/Storage.ts
FN:28,<instance_members_initializer>
FN:30,get
FN:34,list
FN:52,set
FN:57,delete
FN:61,count
FNDA:525,<instance_members_initializer>
FNDA:33,get
FNDA:93,list
FNDA:198,set
FNDA:8,delete
FNDA:81,count
FNF:6
FNH:6
BRDA:31,2,0,10
BRDA:31,2,1,23
BRDA:37,3,0,90
BRDA:37,3,1,3
BRDA:37,3,2,3
BRDA:46,3,0,90
BRDA:46,3,1,6
BRDA:47,3,0,90
BRDA:47,3,1,6
BRDA:41,5,0,0
BRDA:41,5,1,9
BRDA:64,8,0,26
BRDA:64,8,1,2
BRDA:64,8,2,80
BRDA:66,8,0,5
BRDA:66,8,1,1
BRDA:69,8,0,3
BRDA:69,8,1,2
BRDA:74,8,0,2
BRDA:74,8,1,1
BRDA:77,8,0,1
BRDA:77,8,1,4
BRDA:72,9,0,0
BRDA:72,9,1,3
BRF:24
BRH:22
DA:27,27
DA:28,27
DA:30,27
DA:31,33
DA:32,33
DA:34,27
DA:35,93
DA:37,93
DA:38,3
DA:39,3
DA:40,3
DA:41,3
DA:44,3
DA:46,93
DA:47,93
DA:48,93
DA:49,93
DA:50,93
DA:52,27
DA:53,198
DA:54,198
DA:55,198
DA:57,27
DA:58,8
DA:59,8
DA:61,27
DA:62,27
DA:63,27
DA:64,81
DA:65,80
DA:66,80
DA:67,1
DA:68,1
DA:69,5
DA:70,3
DA:71,3
DA:72,3
DA:74,3
DA:75,2
DA:76,2
DA:77,3
DA:78,1
DA:79,81
DA:80,27
LH:44
LF:44
end_of_record
SF:/Users/gruposeb/www/ten.net/src/paramsEngine.ts
FN:4,paramsEngine
FNDA:35,paramsEngine
FNF:1
FNH:1
BRF:0
BRH:0
DA:1,5
DA:4,5
DA:5,35
DA:6,35
DA:7,35
DA:9,35
LH:6
LF:6
end_of_record
SF:/Users/gruposeb/www/ten.net/src/plugins/adminPlugin.tsx
FN:48,<instance_members_initializer>
FN:59,AdminPlugin
FN:66,_fieldType
FN:76,_getFieldConfig
FN:157,_buildFormFields
FN:175,_buildNavItems
FN:202,_addDashboardRoute
FN:211,route.run
FN:240,_addFaviconRoute
FN:249,faviconRoute.run
FN:259,_listItems
FN:285,_isReadonlyPlugin
FN:290,_addPluginCrudRoutes
FN:305,indexRoute.run
FN:346,createRoute.run
FN:429,newRoute.run
FN:457,getRoute.run
FN:505,updateRoute.run
FN:600,deleteRoute.run
FN:651,_addPreviewRoute
FN:663,previewRoute.run
FN:695,_blog404
FN:719,_addBlogRoutes
FN:732,blogListRoute.run
FN:831,rssRoute.run
FN:853,categoryRoute.run
FN:973,blogPostRoute.run
FN:1062,_addPageBuilderRoutes
FN:1075,listRoute.run
FN:1100,createRoute.run
FN:1156,reorderRoute.run
FN:1200,updateRoute.run
FN:1257,deleteRoute.run
FN:1280,_logAudit
FN:1365,_seedBuiltInRoles
FN:1425,init
FN:1544,get plugins
FN:1549,get dynamicRegistry
FN:1554,get blogRegistry
FN:1564,injectHeadTags
FN:1569,escapeHtml
FN:1577,escapeAttrValue
FN:1596,sanitizeHtml
FNDA:130,<instance_members_initializer>
FNDA:130,AdminPlugin
FNDA:81,_fieldType
FNDA:50,_getFieldConfig
FNDA:8,_buildFormFields
FNDA:0,_buildNavItems
FNDA:139,_addDashboardRoute
FNDA:2,route.run
FNDA:139,_addFaviconRoute
FNDA:3,faviconRoute.run
FNDA:4,_listItems
FNDA:584,_isReadonlyPlugin
FNDA:292,_addPluginCrudRoutes
FNDA:4,indexRoute.run
FNDA:17,createRoute.run
FNDA:5,newRoute.run
FNDA:5,getRoute.run
FNDA:12,updateRoute.run
FNDA:12,deleteRoute.run
FNDA:139,_addPreviewRoute
FNDA:5,previewRoute.run
FNDA:5,_blog404
FNDA:48,_addBlogRoutes
FNDA:6,blogListRoute.run
FNDA:6,rssRoute.run
FNDA:4,categoryRoute.run
FNDA:5,blogPostRoute.run
FNDA:40,_addPageBuilderRoutes
FNDA:2,listRoute.run
FNDA:8,createRoute.run
FNDA:4,reorderRoute.run
FNDA:4,updateRoute.run
FNDA:3,deleteRoute.run
FNDA:28,_logAudit
FNDA:128,_seedBuiltInRoles
FNDA:139,init
FNDA:63,get plugins
FNDA:5,get dynamicRegistry
FNDA:25,get blogRegistry
FNDA:10,injectHeadTags
FNDA:20,escapeHtml
FNDA:16,escapeAttrValue
FNDA:2,sanitizeHtml
FNF:43
FNH:42
BRDA:60,2,0,2
BRDA:60,2,1,128
BRDA:61,2,0,0
BRDA:61,2,1,130
BRDA:68,3,0,2
BRDA:68,3,1,79
BRDA:70,3,0,79
BRDA:70,3,1,2
BRDA:81,4,0,27
BRDA:81,4,1,23
BRDA:83,4,0,3
BRDA:83,4,1,24
BRDA:85,4,0,3
BRDA:85,4,1,24
BRDA:87,4,0,3
BRDA:87,4,1,24
BRDA:95,4,0,3
BRDA:95,4,1,24
BRDA:100,4,0,2
BRDA:100,4,1,1
BRDA:105,4,0,1
BRDA:105,4,1,1
BRDA:108,4,0,0
BRDA:108,4,1,1
BRDA:114,4,0,3
BRDA:114,4,1,24
BRDA:121,4,0,35
BRDA:121,4,1,15
BRDA:122,4,0,8
BRDA:122,4,1,42
BRDA:124,4,0,2
BRDA:124,4,1,6
BRDA:134,4,0,7
BRDA:137,4,0,0
BRDA:137,4,1,7
BRDA:143,4,0,2
BRDA:143,4,1,6
BRDA:152,4,0,31
BRDA:152,4,1,19
BRDA:161,7,0,50
BRDA:269,16,0,3
BRDA:269,16,1,1
BRDA:315,20,0,0
BRDA:315,20,1,4
BRDA:348,22,0,2
BRDA:348,22,1,15
BRDA:350,22,0,16
BRDA:350,22,1,15
BRDA:354,22,0,93
BRDA:355,22,0,89
BRDA:355,22,1,4
BRDA:356,22,0,15
BRDA:356,22,1,1
BRDA:358,22,0,3
BRDA:358,22,1,13
BRDA:363,22,0,12
BRDA:363,22,1,4
BRDA:371,22,0,0
BRDA:371,22,1,12
BRDA:389,22,0,2
BRDA:389,22,1,16
BRDA:389,22,2,2
BRDA:390,22,0,1
BRDA:390,22,1,1
BRDA:393,22,0,12
BRDA:393,22,1,4
BRDA:396,22,0,4
BRDA:396,22,1,16
BRDA:396,22,2,4
BRDA:397,22,0,2
BRDA:397,22,1,2
BRDA:400,22,0,12
BRDA:400,22,1,4
BRDA:409,22,0,6
BRDA:409,22,1,0
BRDA:431,23,0,0
BRDA:431,23,1,5
BRDA:462,24,0,1
BRDA:462,24,1,4
BRDA:464,24,0,1
BRDA:464,24,1,3
BRDA:467,24,0,0
BRDA:467,24,1,5
BRDA:469,24,0,3
BRDA:469,24,1,2
BRDA:472,24,0,15
BRDA:474,24,0,14
BRDA:474,24,1,14
BRDA:477,24,0,3
BRDA:477,24,1,2
BRDA:510,25,0,1
BRDA:510,25,1,11
BRDA:512,25,0,11
BRDA:512,25,1,1
BRDA:515,25,0,11
BRDA:515,25,1,1
BRDA:515,25,2,10
BRDA:517,25,0,1
BRDA:517,25,1,9
BRDA:520,25,0,63
BRDA:522,25,0,45
BRDA:522,25,1,18
BRDA:523,25,0,9
BRDA:523,25,1,2
BRDA:526,25,0,1
BRDA:526,25,1,10
BRDA:531,25,0,8
BRDA:531,25,1,3
BRDA:540,25,0,0
BRDA:540,25,1,8
BRDA:552,25,0,2
BRDA:552,25,1,11
BRDA:552,25,2,2
BRDA:553,25,0,1
BRDA:553,25,1,1
BRDA:561,25,0,8
BRDA:561,25,1,3
BRDA:564,25,0,3
BRDA:564,25,1,11
BRDA:564,25,2,2
BRDA:565,25,0,1
BRDA:565,25,1,1
BRDA:571,25,0,8
BRDA:571,25,1,3
BRDA:580,25,0,3
BRDA:580,25,1,0
BRDA:605,26,0,1
BRDA:605,26,1,11
BRDA:607,26,0,11
BRDA:607,26,1,1
BRDA:610,26,0,11
BRDA:610,26,1,2
BRDA:610,26,2,9
BRDA:613,26,0,2
BRDA:613,26,1,10
BRDA:615,26,0,1
BRDA:615,26,1,1
BRDA:623,26,0,8
BRDA:623,26,1,4
BRDA:628,26,0,1
BRDA:628,26,1,1
BRDA:630,26,0,8
BRDA:630,26,1,4
BRDA:633,26,0,3
BRDA:633,26,1,2
BRDA:635,26,0,8
BRDA:635,26,1,4
BRDA:653,27,0,79
BRDA:653,27,1,60
BRDA:668,29,0,1
BRDA:668,29,1,4
BRDA:671,29,0,2
BRDA:671,29,1,2
BRDA:673,29,0,1
BRDA:673,29,1,2
BRDA:720,31,0,0
BRDA:720,31,1,48
BRDA:736,32,0,5
BRDA:736,32,1,0
BRDA:784,32,0,1
BRDA:784,32,1,5
BRDA:787,32,0,5
BRDA:787,32,1,1
BRDA:789,32,0,0
BRDA:789,32,1,6
BRDA:798,32,0,3
BRDA:798,32,1,3
BRDA:753,33,0,0
BRDA:753,33,1,4
BRDA:761,33,0,0
BRDA:761,33,1,4
BRDA:763,33,0,0
BRDA:763,33,1,4
BRDA:767,33,0,0
BRDA:767,33,1,4
BRDA:858,36,0,1
BRDA:858,36,1,3
BRDA:864,36,0,0
BRDA:864,36,1,3
BRDA:874,36,0,2
BRDA:874,36,1,1
BRDA:879,36,0,0
BRDA:879,36,1,4
BRDA:887,36,0,0
BRDA:887,36,1,4
BRDA:923,36,0,2
BRDA:923,36,1,2
BRDA:926,36,0,0
BRDA:926,36,1,4
BRDA:929,36,0,2
BRDA:929,36,1,2
BRDA:931,36,0,0
BRDA:931,36,1,4
BRDA:934,36,0,2
BRDA:934,36,1,2
BRDA:940,36,0,1
BRDA:940,36,1,1
BRDA:953,36,0,2
BRDA:953,36,1,2
BRDA:897,39,0,0
BRDA:897,39,1,1
BRDA:905,39,0,0
BRDA:905,39,1,1
BRDA:907,39,0,0
BRDA:907,39,1,1
BRDA:918,39,0,0
BRDA:918,39,1,1
BRDA:978,41,0,1
BRDA:978,41,1,4
BRDA:981,41,0,2
BRDA:981,41,1,3
BRDA:985,41,0,0
BRDA:985,41,1,5
BRDA:994,41,0,2
BRDA:994,41,1,3
BRDA:1002,41,0,1
BRDA:1002,41,1,4
BRDA:1005,41,0,1
BRDA:1005,41,1,4
BRDA:1009,41,0,0
BRDA:1009,41,1,5
BRDA:1010,41,0,2
BRDA:1010,41,1,3
BRDA:1011,41,0,0
BRDA:1011,41,1,5
BRDA:1021,41,0,0
BRDA:1021,41,1,5
BRDA:1032,41,0,4
BRDA:1032,41,1,2
BRDA:1035,41,0,1
BRDA:1035,41,1,3
BRDA:1039,41,0,2
BRDA:1039,41,1,2
BRDA:1080,44,0,1
BRDA:1080,44,1,1
BRDA:1105,45,0,1
BRDA:1105,45,1,7
BRDA:1109,45,0,6
BRDA:1109,45,1,2
BRDA:1110,45,0,1
BRDA:1110,45,1,7
BRDA:1115,45,0,6
BRDA:1115,45,1,2
BRDA:1119,45,0,0
BRDA:1119,45,1,8
BRDA:1121,45,0,5
BRDA:1121,45,1,1
BRDA:1122,45,0,5
BRDA:1122,45,1,5
BRDA:1123,45,0,1
BRDA:1123,45,1,7
BRDA:1126,45,0,1
BRDA:1126,45,1,7
BRDA:1131,45,0,5
BRDA:1131,45,1,3
BRDA:1161,46,0,1
BRDA:1161,46,1,3
BRDA:1165,46,0,2
BRDA:1165,46,1,2
BRDA:1166,46,0,1
BRDA:1166,46,1,3
BRDA:1171,46,0,2
BRDA:1171,46,1,2
BRDA:1173,46,0,1
BRDA:1173,46,1,3
BRDA:1206,48,0,3
BRDA:1206,48,1,1
BRDA:1208,48,0,3
BRDA:1208,48,1,1
BRDA:1212,48,0,2
BRDA:1212,48,1,2
BRDA:1213,48,0,1
BRDA:1213,48,1,3
BRDA:1218,48,0,2
BRDA:1218,48,1,2
BRDA:1226,48,0,1
BRDA:1226,48,1,2
BRDA:1227,48,0,1
BRDA:1227,48,1,3
BRDA:1229,48,0,2
BRDA:1229,48,1,2
BRDA:1230,48,0,1
BRDA:1230,48,1,2
BRDA:1231,48,0,2
BRDA:1231,48,1,2
BRDA:1237,48,0,1
BRDA:1237,48,1,3
BRDA:1263,49,0,2
BRDA:1263,49,1,1
BRDA:1265,49,0,2
BRDA:1265,49,1,1
BRDA:1269,49,0,1
BRDA:1269,49,1,2
BRDA:1287,50,0,14
BRDA:1287,50,1,14
BRDA:1295,50,0,5
BRDA:1295,50,1,9
BRDA:1296,50,0,5
BRDA:1296,50,1,9
BRDA:1309,50,0,14
BRDA:1309,50,1,9
BRDA:1356,50,0,5
BRDA:1356,50,1,9
BRDA:1359,50,0,0
BRDA:1359,50,1,28
BRDA:1369,51,0,89
BRDA:1369,51,1,61
BRDA:1369,51,2,39
BRDA:1373,51,0,0
BRDA:1373,51,1,39
BRDA:1396,51,0,117
BRDA:1406,51,0,39
BRDA:1406,51,1,22
BRDA:1409,51,0,22
BRDA:1409,51,1,39
BRDA:1413,51,0,66
BRDA:1414,51,0,462
BRDA:1433,53,0,128
BRDA:1433,53,1,11
BRDA:1437,53,0,40
BRDA:1437,53,1,88
BRDA:1453,53,0,126
BRDA:1459,53,0,88
BRDA:1459,53,1,40
BRDA:1483,53,0,292
BRDA:1491,53,0,40
BRDA:1491,53,1,99
BRDA:1508,53,0,60
BRDA:1508,53,1,79
BRDA:1521,53,0,68
BRDA:1521,53,1,48
BRDA:1539,53,0,99
BRDA:1539,53,1,40
BRF:333
BRH:300
DA:1,16
DA:3,16
DA:4,16
DA:5,16
DA:6,16
DA:8,16
DA:9,16
DA:10,16
DA:11,16
DA:12,16
DA:13,16
DA:14,16
DA:18,16
DA:19,16
DA:20,16
DA:21,16
DA:22,16
DA:23,16
DA:24,16
DA:25,16
DA:26,16
DA:27,16
DA:29,16
DA:30,16
DA:47,16
DA:48,16
DA:49,130
DA:50,130
DA:51,130
DA:52,130
DA:53,130
DA:54,130
DA:55,130
DA:56,130
DA:57,16
DA:59,16
DA:60,130
DA:61,130
DA:62,130
DA:63,130
DA:66,16
DA:67,81
DA:68,81
DA:69,2
DA:70,81
DA:71,79
DA:72,81
DA:73,81
DA:76,16
DA:77,16
DA:78,16
DA:79,16
DA:80,16
DA:81,50
DA:82,27
DA:83,27
DA:84,3
DA:85,27
DA:86,3
DA:87,27
DA:88,3
DA:89,3
DA:90,3
DA:91,3
DA:92,3
DA:94,3
DA:95,27
DA:96,3
DA:97,3
DA:99,3
DA:100,3
DA:101,2
DA:102,2
DA:103,2
DA:104,2
DA:105,2
DA:106,1
DA:107,1
DA:108,1
DA:109,1
DA:110,1
DA:111,2
DA:112,3
DA:113,3
DA:114,27
DA:115,3
DA:116,3
DA:117,3
DA:118,3
DA:119,3
DA:120,27
DA:121,27
DA:122,50
DA:123,8
DA:124,8
DA:125,2
DA:126,2
DA:128,2
DA:129,2
DA:130,2
DA:131,2
DA:132,2
DA:133,2
DA:134,2
DA:135,7
DA:136,7
DA:137,7
DA:138,7
DA:139,7
DA:140,2
DA:141,2
DA:142,2
DA:143,8
DA:144,2
DA:145,2
DA:146,2
DA:147,2
DA:148,2
DA:150,2
DA:151,8
DA:152,8
DA:153,31
DA:154,50
DA:157,16
DA:158,16
DA:159,16
DA:160,8
DA:161,8
DA:162,50
DA:163,50
DA:164,50
DA:165,50
DA:166,50
DA:167,50
DA:168,50
DA:169,50
DA:170,50
DA:171,8
DA:172,8
DA:175,0
DA:176,0
DA:177,0
DA:178,0
DA:179,0
DA:180,0
DA:181,0
DA:182,0
DA:183,0
DA:185,0
DA:186,0
DA:187,0
DA:188,0
DA:193,0
DA:194,0
DA:195,0
DA:196,0
DA:197,0
DA:198,0
DA:199,0
DA:202,16
DA:203,139
DA:204,139
DA:205,139
DA:206,139
DA:207,139
DA:208,139
DA:209,139
DA:210,139
DA:211,139
DA:212,2
DA:213,2
DA:214,2
DA:215,2
DA:216,2
DA:217,7
DA:218,7
DA:219,7
DA:220,2
DA:221,2
DA:222,2
DA:224,139
DA:226,139
DA:227,292
DA:228,292
DA:229,292
DA:230,139
DA:232,139
DA:233,139
DA:236,139
DA:237,139
DA:240,16
DA:241,139
DA:242,139
DA:243,139
DA:244,139
DA:245,139
DA:246,139
DA:247,139
DA:248,139
DA:249,139
DA:250,3
DA:251,3
DA:252,3
DA:253,3
DA:254,139
DA:255,139
DA:256,139
DA:259,16
DA:260,16
DA:261,16
DA:267,16
DA:268,4
DA:269,4
DA:270,4
DA:271,4
DA:272,4
DA:274,4
DA:275,4
DA:276,4
DA:277,4
DA:278,4
DA:279,4
DA:280,4
DA:281,4
DA:282,4
DA:284,16
DA:285,16
DA:286,584
DA:287,584
DA:290,16
DA:291,292
DA:292,292
DA:293,292
DA:294,292
DA:296,292
DA:297,292
DA:298,292
DA:299,292
DA:300,292
DA:301,292
DA:302,292
DA:303,292
DA:304,292
DA:305,292
DA:306,4
DA:307,4
DA:309,4
DA:310,30
DA:311,30
DA:312,4
DA:314,4
DA:315,4
DA:317,4
DA:318,4
DA:319,4
DA:320,4
DA:321,4
DA:322,4
DA:323,4
DA:324,4
DA:325,4
DA:326,4
DA:327,4
DA:328,4
DA:330,4
DA:331,4
DA:332,4
DA:333,4
DA:334,292
DA:335,292
DA:337,292
DA:338,292
DA:339,292
DA:340,292
DA:341,292
DA:342,292
DA:343,292
DA:344,292
DA:345,292
DA:346,292
DA:348,17
DA:349,2
DA:350,2
DA:352,15
DA:353,15
DA:354,16
DA:355,93
DA:356,93
DA:357,15
DA:358,16
DA:359,3
DA:360,3
DA:361,3
DA:362,3
DA:363,3
DA:365,12
DA:366,12
DA:370,12
DA:371,0
DA:372,0
DA:373,0
DA:374,0
DA:375,0
DA:376,0
DA:377,12
DA:378,12
DA:379,12
DA:380,12
DA:381,12
DA:382,12
DA:383,12
DA:384,12
DA:385,12
DA:386,12
DA:389,17
DA:390,2
DA:391,1
DA:392,1
DA:393,2
DA:396,17
DA:397,4
DA:398,2
DA:399,2
DA:400,4
DA:403,12
DA:404,12
DA:405,12
DA:406,12
DA:407,12
DA:408,12
DA:409,12
DA:411,12
DA:413,12
DA:414,12
DA:415,12
DA:416,12
DA:417,292
DA:418,292
DA:420,292
DA:421,292
DA:422,292
DA:423,292
DA:424,292
DA:425,292
DA:426,292
DA:427,292
DA:428,292
DA:429,292
DA:430,5
DA:431,5
DA:432,5
DA:433,5
DA:434,5
DA:435,5
DA:436,5
DA:437,5
DA:438,5
DA:439,5
DA:440,5
DA:441,5
DA:442,5
DA:443,5
DA:444,5
DA:445,292
DA:446,292
DA:448,292
DA:449,292
DA:450,292
DA:451,292
DA:452,292
DA:453,292
DA:454,292
DA:455,292
DA:456,292
DA:457,292
DA:458,292
DA:459,292
DA:461,5
DA:462,5
DA:463,4
DA:464,5
DA:466,3
DA:467,5
DA:469,5
DA:471,3
DA:472,5
DA:473,15
DA:474,15
DA:475,14
DA:476,14
DA:477,15
DA:479,3
DA:480,3
DA:481,3
DA:482,3
DA:483,3
DA:484,3
DA:485,3
DA:486,3
DA:487,3
DA:488,3
DA:489,3
DA:490,3
DA:491,3
DA:492,3
DA:493,292
DA:494,292
DA:496,292
DA:497,292
DA:498,292
DA:499,292
DA:500,292
DA:501,292
DA:502,292
DA:503,292
DA:504,292
DA:505,292
DA:506,292
DA:507,292
DA:510,12
DA:511,1
DA:512,1
DA:514,12
DA:515,12
DA:516,10
DA:517,11
DA:518,9
DA:519,9
DA:520,11
DA:521,63
DA:522,63
DA:523,63
DA:525,9
DA:526,11
DA:527,1
DA:528,1
DA:529,1
DA:530,1
DA:531,1
DA:533,8
DA:534,8
DA:539,8
DA:540,0
DA:541,0
DA:542,0
DA:543,0
DA:544,0
DA:545,0
DA:546,8
DA:548,8
DA:549,8
DA:552,12
DA:553,2
DA:555,1
DA:556,1
DA:557,1
DA:558,1
DA:559,1
DA:560,1
DA:561,2
DA:564,12
DA:565,2
DA:566,1
DA:567,1
DA:568,1
DA:569,1
DA:570,1
DA:571,2
DA:574,8
DA:575,8
DA:576,8
DA:577,8
DA:578,8
DA:579,8
DA:580,8
DA:582,8
DA:584,8
DA:585,8
DA:586,8
DA:587,8
DA:588,292
DA:589,292
DA:591,292
DA:592,292
DA:593,292
DA:594,292
DA:595,292
DA:596,292
DA:597,292
DA:598,292
DA:599,292
DA:600,292
DA:601,292
DA:602,292
DA:605,12
DA:606,1
DA:607,1
DA:609,12
DA:610,12
DA:613,12
DA:614,2
DA:615,2
DA:616,1
DA:617,1
DA:618,1
DA:619,1
DA:620,1
DA:621,1
DA:622,1
DA:623,2
DA:625,8
DA:628,12
DA:629,1
DA:630,1
DA:633,12
DA:634,2
DA:635,2
DA:638,8
DA:639,8
DA:640,8
DA:642,8
DA:643,8
DA:644,8
DA:645,8
DA:646,292
DA:647,292
DA:648,292
DA:651,16
DA:652,139
DA:653,139
DA:655,60
DA:656,60
DA:657,60
DA:658,60
DA:659,60
DA:660,60
DA:661,60
DA:662,60
DA:663,60
DA:664,60
DA:665,60
DA:667,5
DA:668,5
DA:670,4
DA:671,4
DA:673,5
DA:676,2
DA:677,2
DA:678,2
DA:679,2
DA:680,2
DA:683,2
DA:684,2
DA:685,2
DA:686,2
DA:687,2
DA:688,2
DA:689,2
DA:690,60
DA:691,60
DA:692,139
DA:695,16
DA:696,5
DA:697,5
DA:700,5
DA:701,5
DA:702,5
DA:703,5
DA:704,5
DA:705,5
DA:706,5
DA:707,5
DA:708,5
DA:709,5
DA:710,5
DA:712,5
DA:713,5
DA:714,5
DA:715,5
DA:716,5
DA:719,16
DA:720,0
DA:721,48
DA:723,48
DA:724,48
DA:725,48
DA:726,48
DA:727,48
DA:728,48
DA:729,48
DA:730,48
DA:731,48
DA:732,48
DA:733,6
DA:734,6
DA:735,6
DA:736,6
DA:738,6
DA:739,6
DA:740,6
DA:741,6
DA:743,6
DA:744,6
DA:745,4
DA:746,4
DA:747,4
DA:748,4
DA:749,4
DA:750,4
DA:751,4
DA:752,4
DA:753,4
DA:754,4
DA:755,4
DA:756,4
DA:757,4
DA:759,4
DA:761,4
DA:762,4
DA:763,4
DA:764,4
DA:765,4
DA:766,4
DA:767,4
DA:768,4
DA:769,4
DA:770,4
DA:771,4
DA:772,4
DA:773,4
DA:774,4
DA:775,4
DA:776,4
DA:777,4
DA:780,4
DA:781,6
DA:784,6
DA:785,6
DA:786,6
DA:787,6
DA:788,6
DA:789,6
DA:790,6
DA:791,6
DA:792,6
DA:793,6
DA:795,6
DA:797,6
DA:798,6
DA:799,6
DA:800,6
DA:802,6
DA:803,6
DA:804,6
DA:805,6
DA:806,6
DA:807,6
DA:808,6
DA:809,6
DA:810,6
DA:811,6
DA:813,6
DA:815,6
DA:816,6
DA:817,6
DA:818,6
DA:819,48
DA:820,48
DA:822,48
DA:823,48
DA:824,48
DA:825,48
DA:826,48
DA:827,48
DA:828,48
DA:829,48
DA:830,48
DA:831,48
DA:832,6
DA:833,6
DA:834,6
DA:835,6
DA:836,6
DA:837,6
DA:838,6
DA:839,6
DA:840,6
DA:841,48
DA:842,48
DA:844,48
DA:845,48
DA:846,48
DA:847,48
DA:848,48
DA:849,48
DA:850,48
DA:851,48
DA:852,48
DA:853,48
DA:854,48
DA:855,48
DA:857,4
DA:858,4
DA:861,3
DA:862,3
DA:864,0
DA:867,3
DA:868,3
DA:869,3
DA:870,3
DA:871,3
DA:872,3
DA:874,4
DA:876,2
DA:877,4
DA:878,4
DA:879,4
DA:881,4
DA:882,4
DA:883,4
DA:884,4
DA:885,4
DA:887,4
DA:889,4
DA:890,4
DA:891,1
DA:892,1
DA:893,1
DA:894,1
DA:895,1
DA:896,1
DA:897,1
DA:898,1
DA:899,1
DA:900,1
DA:901,1
DA:903,1
DA:905,1
DA:906,1
DA:907,1
DA:908,1
DA:909,1
DA:910,1
DA:911,1
DA:912,1
DA:913,1
DA:914,1
DA:915,1
DA:916,1
DA:917,1
DA:918,1
DA:919,1
DA:922,1
DA:923,4
DA:926,4
DA:927,4
DA:928,4
DA:929,4
DA:930,4
DA:931,4
DA:932,4
DA:933,4
DA:934,4
DA:935,4
DA:937,4
DA:938,4
DA:939,4
DA:940,4
DA:941,4
DA:942,4
DA:944,4
DA:945,4
DA:946,4
DA:947,4
DA:948,4
DA:949,4
DA:950,4
DA:951,4
DA:952,4
DA:953,4
DA:955,2
DA:957,2
DA:958,2
DA:959,2
DA:960,2
DA:961,48
DA:962,48
DA:964,48
DA:965,48
DA:966,48
DA:967,48
DA:968,48
DA:969,48
DA:970,48
DA:971,48
DA:972,48
DA:973,48
DA:974,48
DA:975,48
DA:977,5
DA:978,5
DA:980,4
DA:981,5
DA:983,2
DA:985,5
DA:986,5
DA:987,5
DA:988,5
DA:989,5
DA:990,5
DA:991,5
DA:992,5
DA:993,5
DA:994,5
DA:995,5
DA:997,5
DA:998,5
DA:999,5
DA:1000,5
DA:1001,5
DA:1002,5
DA:1003,5
DA:1004,5
DA:1005,5
DA:1006,5
DA:1009,5
DA:1010,5
DA:1011,5
DA:1012,5
DA:1013,5
DA:1014,5
DA:1016,5
DA:1017,5
DA:1018,5
DA:1019,5
DA:1021,5
DA:1023,5
DA:1024,5
DA:1025,5
DA:1026,5
DA:1027,5
DA:1028,5
DA:1029,5
DA:1030,5
DA:1031,5
DA:1032,5
DA:1034,2
DA:1035,4
DA:1036,1
DA:1037,1
DA:1038,1
DA:1039,1
DA:1040,2
DA:1042,2
DA:1043,2
DA:1044,2
DA:1045,2
DA:1046,48
DA:1047,48
DA:1048,48
DA:1062,16
DA:1063,40
DA:1064,40
DA:1066,40
DA:1067,40
DA:1068,40
DA:1069,40
DA:1070,40
DA:1071,40
DA:1072,40
DA:1073,40
DA:1074,40
DA:1075,40
DA:1076,40
DA:1077,40
DA:1079,2
DA:1080,2
DA:1082,1
DA:1083,1
DA:1084,1
DA:1085,1
DA:1086,1
DA:1087,1
DA:1088,40
DA:1089,40
DA:1091,40
DA:1092,40
DA:1093,40
DA:1094,40
DA:1095,40
DA:1096,40
DA:1097,40
DA:1098,40
DA:1099,40
DA:1100,40
DA:1101,40
DA:1102,40
DA:1104,8
DA:1105,8
DA:1107,7
DA:1108,7
DA:1109,7
DA:1110,8
DA:1111,1
DA:1112,1
DA:1113,1
DA:1115,1
DA:1117,6
DA:1118,8
DA:1119,8
DA:1120,8
DA:1121,8
DA:1122,8
DA:1123,8
DA:1124,8
DA:1126,8
DA:1127,1
DA:1128,1
DA:1129,1
DA:1131,1
DA:1133,5
DA:1134,5
DA:1135,5
DA:1136,5
DA:1137,5
DA:1138,5
DA:1139,5
DA:1140,5
DA:1141,5
DA:1142,5
DA:1143,5
DA:1144,40
DA:1145,40
DA:1147,40
DA:1148,40
DA:1149,40
DA:1150,40
DA:1151,40
DA:1152,40
DA:1153,40
DA:1154,40
DA:1155,40
DA:1156,40
DA:1157,40
DA:1158,40
DA:1160,4
DA:1161,4
DA:1163,3
DA:1164,3
DA:1165,3
DA:1166,4
DA:1167,1
DA:1168,1
DA:1169,1
DA:1171,1
DA:1173,4
DA:1174,1
DA:1175,1
DA:1176,1
DA:1178,1
DA:1180,1
DA:1181,1
DA:1182,1
DA:1185,1
DA:1186,1
DA:1187,1
DA:1188,40
DA:1189,40
DA:1191,40
DA:1192,40
DA:1193,40
DA:1194,40
DA:1195,40
DA:1196,40
DA:1197,40
DA:1198,40
DA:1199,40
DA:1200,40
DA:1201,40
DA:1202,40
DA:1204,4
DA:1205,4
DA:1206,4
DA:1207,1
DA:1208,1
DA:1210,3
DA:1211,3
DA:1212,3
DA:1213,4
DA:1214,1
DA:1215,1
DA:1216,1
DA:1218,1
DA:1220,2
DA:1225,2
DA:1226,4
DA:1227,4
DA:1228,1
DA:1229,1
DA:1230,4
DA:1231,4
DA:1232,2
DA:1233,2
DA:1235,2
DA:1236,2
DA:1237,2
DA:1238,1
DA:1239,1
DA:1240,1
DA:1241,1
DA:1242,1
DA:1243,1
DA:1244,1
DA:1245,40
DA:1246,40
DA:1248,40
DA:1249,40
DA:1250,40
DA:1251,40
DA:1252,40
DA:1253,40
DA:1254,40
DA:1255,40
DA:1256,40
DA:1257,40
DA:1258,40
DA:1259,40
DA:1261,3
DA:1262,3
DA:1263,3
DA:1264,1
DA:1265,1
DA:1267,2
DA:1268,2
DA:1269,3
DA:1270,1
DA:1271,40
DA:1272,40
DA:1273,40
DA:1280,16
DA:1281,16
DA:1282,16
DA:1283,16
DA:1284,16
DA:1285,16
DA:1286,16
DA:1287,28
DA:1289,14
DA:1290,14
DA:1291,14
DA:1292,14
DA:1293,14
DA:1294,14
DA:1295,28
DA:1296,28
DA:1297,28
DA:1298,28
DA:1300,28
DA:1301,28
DA:1302,28
DA:1303,28
DA:1304,28
DA:1305,28
DA:1306,28
DA:1307,28
DA:1309,28
DA:1311,9
DA:1312,9
DA:1313,9
DA:1314,9
DA:1315,9
DA:1316,9
DA:1317,9
DA:1320,9
DA:1321,9
DA:1322,9
DA:1323,9
DA:1324,9
DA:1325,9
DA:1326,9
DA:1327,9
DA:1328,9
DA:1329,9
DA:1330,9
DA:1332,9
DA:1333,9
DA:1334,9
DA:1335,9
DA:1336,9
DA:1337,9
DA:1338,9
DA:1339,9
DA:1340,9
DA:1341,9
DA:1342,9
DA:1344,9
DA:1345,9
DA:1346,9
DA:1347,9
DA:1348,9
DA:1349,9
DA:1350,9
DA:1351,9
DA:1352,9
DA:1353,9
DA:1354,9
DA:1356,14
DA:1357,5
DA:1358,5
DA:1359,0
DA:1361,0
DA:1362,28
DA:1365,16
DA:1366,128
DA:1367,128
DA:1369,128
DA:1372,39
DA:1373,0
DA:1375,39
DA:1376,39
DA:1377,39
DA:1378,39
DA:1379,39
DA:1380,39
DA:1381,39
DA:1382,39
DA:1383,39
DA:1384,39
DA:1385,39
DA:1386,39
DA:1387,39
DA:1388,39
DA:1389,39
DA:1390,39
DA:1391,39
DA:1392,39
DA:1393,39
DA:1394,39
DA:1396,61
DA:1397,117
DA:1398,117
DA:1399,117
DA:1400,117
DA:1401,117
DA:1402,117
DA:1403,117
DA:1404,117
DA:1405,117
DA:1406,117
DA:1409,61
DA:1410,22
DA:1411,22
DA:1412,22
DA:1413,22
DA:1414,66
DA:1415,462
DA:1416,462
DA:1417,462
DA:1418,462
DA:1420,462
DA:1421,66
DA:1422,22
DA:1423,128
DA:1425,16
DA:1431,16
DA:1433,139
DA:1434,128
DA:1437,128
DA:1438,40
DA:1439,40
DA:1441,40
DA:1442,40
DA:1444,40
DA:1445,40
DA:1447,40
DA:1449,40
DA:1450,40
DA:1451,40
DA:1453,40
DA:1454,126
DA:1455,126
DA:1457,40
DA:1458,40
DA:1459,128
DA:1460,88
DA:1461,88
DA:1462,88
DA:1463,128
DA:1466,128
DA:1467,128
DA:1471,128
DA:1472,128
DA:1474,139
DA:1477,139
DA:1480,139
DA:1483,139
DA:1484,292
DA:1485,292
DA:1488,139
DA:1491,139
DA:1492,40
DA:1493,40
DA:1496,139
DA:1499,139
DA:1500,139
DA:1501,139
DA:1502,139
DA:1503,139
DA:1506,139
DA:1507,139
DA:1508,139
DA:1509,60
DA:1510,60
DA:1511,60
DA:1512,60
DA:1513,60
DA:1516,139
DA:1517,139
DA:1518,139
DA:1520,139
DA:1521,139
DA:1522,48
DA:1523,48
DA:1524,48
DA:1525,48
DA:1527,48
DA:1528,48
DA:1530,48
DA:1531,48
DA:1532,48
DA:1534,139
DA:1535,139
DA:1536,139
DA:1537,139
DA:1538,139
DA:1539,139
DA:1540,139
DA:1541,139
DA:1544,16
DA:1545,63
DA:1546,63
DA:1549,16
DA:1550,5
DA:1551,5
DA:1554,16
DA:1555,25
DA:1556,25
DA:1557,16
DA:1560,16
DA:1561,16
DA:1564,16
DA:1565,10
DA:1566,10
DA:1569,16
DA:1570,20
DA:1571,20
DA:1572,20
DA:1573,20
DA:1574,20
DA:1577,16
DA:1578,16
DA:1579,16
DA:1580,16
DA:1581,16
DA:1582,16
DA:1583,16
DA:1584,16
DA:1596,16
DA:1597,2
DA:1599,2
DA:1600,2
DA:1601,2
DA:1604,2
DA:1605,2
DA:1606,2
DA:1609,2
DA:1611,2
DA:1612,2
DA:1613,2
DA:1615,2
LH:1243
LF:1280
end_of_record
SF:/Users/gruposeb/www/ten.net/src/plugins/auditLogPlugin.ts
FN:25,<instance_members_initializer>
FN:32,AuditLogPlugin
FN:51,validate
FN:76,log
FNDA:59,<instance_members_initializer>
FNDA:59,AuditLogPlugin
FNDA:13,validate
FNDA:17,log
FNF:4
FNH:4
BRDA:63,3,0,12
BRDA:63,3,1,1
BRDA:64,3,0,1
BRDA:64,3,1,11
BRDA:83,4,0,6
BRDA:83,4,1,11
BRF:6
BRH:6
DA:1,17
DA:6,17
DA:9,17
DA:12,17
DA:24,17
DA:25,17
DA:26,59
DA:27,59
DA:29,17
DA:30,17
DA:32,17
DA:33,59
DA:34,59
DA:35,59
DA:36,59
DA:37,59
DA:38,59
DA:39,59
DA:40,59
DA:41,59
DA:42,59
DA:43,59
DA:44,59
DA:45,59
DA:51,17
DA:52,17
DA:53,17
DA:54,13
DA:57,13
DA:58,13
DA:59,13
DA:62,13
DA:63,13
DA:64,12
DA:65,1
DA:66,1
DA:67,12
DA:69,13
DA:70,13
DA:76,17
DA:77,17
DA:78,17
DA:79,17
DA:80,17
DA:81,17
DA:82,17
DA:83,17
DA:84,17
DA:85,17
DA:86,17
DA:87,17
LH:51
LF:51
end_of_record
SF:/Users/gruposeb/www/ten.net/src/plugins/categoriesPlugin.ts
FN:11,<instance_members_initializer>
FN:15,CategoriesPlugin
FN:30,validate
FN:59,validateAsync
FNDA:92,<instance_members_initializer>
FNDA:92,CategoriesPlugin
FNDA:42,validate
FNDA:13,validateAsync
FNF:4
FNH:4
BRDA:42,3,0,41
BRDA:42,3,1,40
BRDA:43,3,0,7
BRDA:43,3,1,33
BRDA:64,4,0,1
BRDA:64,4,1,12
BRDA:67,4,0,3
BRDA:67,4,1,10
BRDA:78,4,0,1
BRDA:78,4,1,2
BRDA:82,4,0,11
BRDA:82,4,1,2
BRF:12
BRH:12
DA:1,17
DA:5,17
DA:8,17
DA:10,17
DA:11,17
DA:12,92
DA:13,17
DA:15,17
DA:16,92
DA:17,92
DA:18,92
DA:19,92
DA:20,92
DA:21,92
DA:22,92
DA:23,92
DA:24,92
DA:30,17
DA:31,17
DA:32,17
DA:33,42
DA:36,42
DA:37,42
DA:38,42
DA:41,42
DA:42,42
DA:43,40
DA:44,7
DA:45,7
DA:46,7
DA:47,40
DA:49,42
DA:50,42
DA:59,17
DA:60,17
DA:61,17
DA:62,17
DA:63,13
DA:64,13
DA:66,12
DA:67,13
DA:68,3
DA:74,3
DA:75,3
DA:76,3
DA:78,3
DA:79,1
DA:80,1
DA:81,1
DA:82,3
DA:84,11
DA:85,13
DA:86,17
LH:53
LF:53
end_of_record
SF:/Users/gruposeb/www/ten.net/src/plugins/groupsPlugin.ts
FN:4,<instance_members_initializer>
FN:8,GroupsPlugin
FNDA:6,<instance_members_initializer>
FNDA:6,GroupsPlugin
FNF:2
FNH:2
BRF:0
BRH:0
DA:1,2
DA:3,2
DA:4,2
DA:5,6
DA:6,2
DA:8,2
DA:9,6
DA:10,6
DA:11,6
DA:12,6
DA:13,6
DA:14,6
DA:15,6
DA:16,6
DA:17,6
DA:18,6
DA:19,2
LH:17
LF:17
end_of_record
SF:/Users/gruposeb/www/ten.net/src/plugins/pagePlugin.ts
FN:21,<instance_members_initializer>
FN:25,PagePlugin
FN:47,validate
FN:97,validateAsync
FNDA:105,<instance_members_initializer>
FNDA:105,PagePlugin
FNDA:49,validate
FNDA:10,validateAsync
FNF:4
FNH:4
BRDA:53,3,0,196
BRDA:60,3,0,9
BRDA:60,3,1,40
BRDA:69,3,0,3
BRDA:69,3,1,46
BRDA:75,3,0,28
BRDA:75,3,1,21
BRDA:77,3,0,25
BRDA:77,3,1,4
BRDA:83,3,0,18
BRDA:83,3,1,31
BRDA:102,4,0,9
BRDA:102,4,1,2
BRDA:102,4,2,8
BRDA:105,4,0,7
BRDA:105,4,1,3
BRDA:116,4,0,1
BRDA:116,4,1,6
BRF:18
BRH:18
DA:1,19
DA:5,19
DA:10,19
DA:13,19
DA:14,19
DA:15,19
DA:16,19
DA:17,19
DA:18,19
DA:20,19
DA:21,19
DA:22,105
DA:23,19
DA:25,19
DA:26,105
DA:27,105
DA:28,105
DA:29,105
DA:30,105
DA:31,105
DA:32,105
DA:33,105
DA:34,105
DA:35,105
DA:36,105
DA:37,105
DA:38,105
DA:39,105
DA:40,105
DA:47,19
DA:48,19
DA:49,19
DA:50,49
DA:53,49
DA:54,196
DA:55,196
DA:58,49
DA:59,49
DA:60,49
DA:61,9
DA:62,9
DA:63,9
DA:64,49
DA:67,49
DA:68,49
DA:69,49
DA:70,3
DA:71,3
DA:72,49
DA:75,49
DA:76,28
DA:77,28
DA:78,4
DA:79,4
DA:80,28
DA:83,49
DA:84,18
DA:85,18
DA:87,49
DA:88,49
DA:97,19
DA:98,19
DA:99,19
DA:100,19
DA:101,10
DA:102,10
DA:104,8
DA:105,10
DA:106,7
DA:112,7
DA:113,7
DA:114,7
DA:116,7
DA:117,1
DA:118,1
DA:119,1
DA:120,7
DA:122,7
DA:123,10
DA:124,19
LH:80
LF:80
end_of_record
SF:/Users/gruposeb/www/ten.net/src/plugins/postsPlugin.ts
FN:22,<instance_members_initializer>
FN:26,PostsPlugin
FN:49,validate
FN:125,validateAsync
FNDA:104,<instance_members_initializer>
FNDA:104,PostsPlugin
FNDA:55,validate
FNDA:11,validateAsync
FNF:4
FNH:4
BRDA:55,3,0,275
BRDA:62,3,0,8
BRDA:62,3,1,47
BRDA:71,3,0,2
BRDA:71,3,1,53
BRDA:77,3,0,40
BRDA:77,3,1,15
BRDA:79,3,0,38
BRDA:79,3,1,3
BRDA:85,3,0,13
BRDA:85,3,1,42
BRDA:93,3,0,10
BRDA:93,3,1,45
BRDA:96,3,0,1
BRDA:96,3,1,9
BRDA:99,3,0,3
BRDA:99,3,1,7
BRDA:105,3,0,40
BRDA:105,3,1,15
BRDA:108,3,0,8
BRDA:108,3,1,32
BRDA:110,3,0,32
BRDA:110,3,1,8
BRDA:130,4,0,1
BRDA:130,4,1,10
BRDA:133,4,0,6
BRDA:133,4,1,5
BRDA:144,4,0,1
BRDA:144,4,1,5
BRDA:148,4,0,9
BRDA:148,4,1,2
BRF:31
BRH:31
DA:1,17
DA:5,17
DA:10,17
DA:13,17
DA:14,17
DA:15,17
DA:16,17
DA:17,17
DA:18,17
DA:19,17
DA:21,17
DA:22,17
DA:23,104
DA:24,17
DA:26,17
DA:27,104
DA:28,104
DA:29,104
DA:30,104
DA:31,104
DA:32,104
DA:33,104
DA:34,104
DA:35,104
DA:36,104
DA:37,104
DA:38,104
DA:39,104
DA:40,104
DA:41,104
DA:49,17
DA:50,17
DA:51,17
DA:52,55
DA:55,55
DA:56,275
DA:57,275
DA:60,55
DA:61,55
DA:62,55
DA:63,8
DA:64,8
DA:65,8
DA:66,55
DA:69,55
DA:70,55
DA:71,55
DA:72,2
DA:73,2
DA:74,55
DA:77,55
DA:78,40
DA:79,40
DA:80,3
DA:81,3
DA:82,40
DA:85,55
DA:86,13
DA:87,13
DA:90,55
DA:91,55
DA:92,55
DA:93,55
DA:94,10
DA:95,10
DA:96,10
DA:97,1
DA:98,1
DA:99,10
DA:100,3
DA:101,3
DA:102,10
DA:105,55
DA:106,40
DA:107,40
DA:108,40
DA:109,40
DA:110,40
DA:111,32
DA:112,32
DA:113,40
DA:115,55
DA:116,55
DA:125,17
DA:126,17
DA:127,17
DA:128,17
DA:129,11
DA:130,11
DA:132,10
DA:133,11
DA:134,6
DA:140,6
DA:141,6
DA:142,6
DA:144,6
DA:145,1
DA:146,1
DA:147,1
DA:148,6
DA:150,9
DA:151,11
DA:152,17
LH:103
LF:103
end_of_record
SF:/Users/gruposeb/www/ten.net/src/plugins/rolesPlugin.ts
FN:11,<instance_members_initializer>
FN:15,RolesPlugin
FN:31,validate
FN:68,validateAsync
FN:99,isSystemRole
FNDA:74,<instance_members_initializer>
FNDA:74,RolesPlugin
FNDA:40,validate
FNDA:5,validateAsync
FNDA:6,isSystemRole
FNF:5
FNH:5
BRDA:36,3,0,38
BRDA:36,3,1,37
BRDA:38,3,0,36
BRDA:38,3,1,4
BRDA:51,3,0,39
BRDA:51,3,1,38
BRDA:52,3,0,17
BRDA:52,3,1,21
BRDA:73,4,0,1
BRDA:73,4,1,4
BRDA:76,4,0,4
BRDA:76,4,1,1
BRDA:87,4,0,2
BRDA:87,4,1,2
BRDA:91,4,0,2
BRDA:91,4,1,3
BRDA:100,6,0,4
BRDA:100,6,1,2
BRF:18
BRH:18
DA:1,18
DA:5,18
DA:8,18
DA:10,18
DA:11,18
DA:12,74
DA:13,18
DA:15,18
DA:16,74
DA:17,74
DA:18,74
DA:19,74
DA:20,74
DA:21,74
DA:22,74
DA:23,74
DA:24,74
DA:25,74
DA:31,18
DA:32,18
DA:33,18
DA:35,40
DA:36,40
DA:37,40
DA:38,40
DA:39,36
DA:40,36
DA:42,40
DA:45,40
DA:46,40
DA:47,40
DA:50,40
DA:51,40
DA:52,38
DA:53,17
DA:54,17
DA:55,17
DA:56,38
DA:58,40
DA:59,40
DA:68,18
DA:69,18
DA:70,18
DA:71,18
DA:72,5
DA:73,5
DA:75,4
DA:76,5
DA:77,4
DA:83,4
DA:84,4
DA:85,4
DA:87,4
DA:88,2
DA:89,2
DA:90,2
DA:91,4
DA:93,2
DA:94,5
DA:99,18
DA:100,6
DA:101,6
DA:102,18
LH:63
LF:63
end_of_record
SF:/Users/gruposeb/www/ten.net/src/plugins/settingsPlugin.ts
FN:4,<instance_members_initializer>
FN:8,SettingsPlugin
FNDA:6,<instance_members_initializer>
FNDA:6,SettingsPlugin
FNF:2
FNH:2
BRF:0
BRH:0
DA:1,2
DA:3,2
DA:4,2
DA:5,6
DA:6,2
DA:8,2
DA:9,6
DA:10,6
DA:11,6
DA:12,6
DA:13,6
DA:14,6
DA:15,6
DA:16,6
DA:17,2
LH:15
LF:15
end_of_record
SF:/Users/gruposeb/www/ten.net/src/plugins/usersPlugin.ts
FN:13,<instance_members_initializer>
FN:17,UsersPlugin
FN:33,validate
FN:70,validateAsync
FNDA:29,<instance_members_initializer>
FNDA:29,UsersPlugin
FNDA:19,validate
FNDA:4,validateAsync
FNF:4
FNH:4
BRDA:38,3,0,18
BRDA:38,3,1,18
BRDA:39,3,0,2
BRDA:39,3,1,17
BRDA:47,3,0,18
BRDA:47,3,1,1
BRDA:48,3,0,4
BRDA:48,3,1,14
BRDA:56,3,0,1
BRDA:56,3,1,18
BRDA:75,4,0,1
BRDA:75,4,1,3
BRDA:79,4,0,3
BRDA:79,4,1,1
BRDA:90,4,0,1
BRDA:90,4,1,2
BRDA:94,4,0,2
BRDA:94,4,1,2
BRF:18
BRH:18
DA:1,17
DA:5,17
DA:10,17
DA:12,17
DA:13,17
DA:14,29
DA:15,17
DA:17,17
DA:18,29
DA:19,29
DA:20,29
DA:21,29
DA:22,29
DA:23,29
DA:24,29
DA:25,29
DA:26,29
DA:27,29
DA:33,17
DA:34,17
DA:35,17
DA:37,19
DA:38,19
DA:39,19
DA:40,2
DA:41,2
DA:43,19
DA:46,19
DA:47,19
DA:48,18
DA:49,4
DA:50,4
DA:51,18
DA:54,19
DA:55,19
DA:56,19
DA:57,1
DA:58,1
DA:59,19
DA:61,19
DA:62,19
DA:70,17
DA:71,17
DA:72,17
DA:73,17
DA:74,4
DA:75,4
DA:78,3
DA:79,4
DA:80,3
DA:86,3
DA:87,3
DA:88,3
DA:90,3
DA:91,1
DA:92,1
DA:93,1
DA:94,3
DA:96,2
DA:97,4
DA:98,17
LH:61
LF:61
end_of_record
SF:/Users/gruposeb/www/ten.net/src/routerEngine.ts
FN:31,routerEngine
FNDA:16,routerEngine
FNF:1
FNH:1
BRDA:37,1,0,140
BRDA:38,1,0,80
BRDA:38,1,1,60
BRDA:47,1,0,22
BRDA:47,1,1,118
BRDA:49,1,0,60
BRDA:49,1,1,80
BRDA:56,1,0,26
BRDA:56,1,1,114
BRDA:58,1,0,60
BRDA:58,1,1,80
BRDA:60,1,0,22
BRDA:60,1,1,10
BRDA:60,1,2,50
BRDA:66,1,0,43
BRDA:66,1,1,7
BRDA:83,1,0,50
BRDA:88,1,0,12
BRDA:88,1,1,38
BRDA:90,1,0,38
BRDA:90,1,1,12
BRDA:94,1,0,0
BRDA:94,1,1,50
BRF:23
BRH:22
DA:1,5
DA:2,5
DA:3,5
DA:4,5
DA:31,5
DA:32,5
DA:33,5
DA:35,16
DA:37,16
DA:38,140
DA:40,60
DA:41,60
DA:42,60
DA:44,60
DA:45,60
DA:46,60
DA:47,140
DA:49,22
DA:51,60
DA:52,60
DA:53,60
DA:55,60
DA:56,140
DA:58,26
DA:60,140
DA:62,50
DA:63,50
DA:64,50
DA:66,140
DA:68,140
DA:70,140
DA:71,140
DA:72,140
[...]
DA:93,56
DA:94,113
DA:95,57
DA:96,57
DA:97,113
DA:99,119
DA:100,0
DA:101,0
DA:102,0
DA:103,119
DA:105,6
DA:106,8
DA:107,8
DA:109,7
DA:110,8
DA:111,8
DA:113,8
DA:114,8
DA:115,8
DA:116,8
DA:119,8
DA:121,8
DA:122,0
DA:123,0
DA:124,0
DA:125,7
DA:126,8
DA:128,6
DA:129,74
DA:130,74
DA:131,74
DA:132,74
DA:133,74
DA:134,74
DA:136,74
DA:137,74
DA:139,74
DA:140,24
DA:141,24
DA:142,6
DA:143,6
DA:145,6
DA:146,6
DA:147,22
DA:148,22
DA:150,74
DA:151,74
DA:152,74
DA:158,6
DA:159,19
DA:160,19
DA:161,19
DA:162,19
DA:163,19
DA:164,19
DA:165,19
DA:166,19
DA:168,19
DA:169,11
DA:170,11
DA:171,11
DA:172,11
DA:174,19
DA:175,19
DA:177,6
DA:178,6
DA:179,6
DA:180,95
DA:181,93
DA:182,93
DA:183,9
DA:184,9
DA:186,2
DA:187,95
DA:188,95
DA:189,95
DA:191,95
DA:192,95
DA:194,95
DA:195,6
DA:196,6
DA:197,6
DA:198,6
DA:200,6
DA:201,3
DA:202,3
DA:203,6
DA:205,2
DA:206,95
DA:207,6
LH:147
LF:153
end_of_record
SF:/Users/gruposeb/www/ten.net/src/storage/denoKvUserStore.ts
FN:6,<instance_members_initializer>
FN:8,DenoKvUserStore
FN:12,get
FN:17,set
FN:21,delete
FNDA:45,<instance_members_initializer>
FNDA:45,DenoKvUserStore
FNDA:50,get
FNDA:44,set
FNDA:1,delete
FNF:5
FNH:5
BRF:0
BRH:0
DA:5,4
DA:6,4
DA:8,4
DA:9,45
DA:10,45
DA:12,4
DA:13,50
DA:14,50
DA:15,50
DA:17,4
DA:18,44
DA:19,44
DA:21,4
DA:22,1
DA:23,1
DA:24,4
LH:16
LF:16
end_of_record
SF:/Users/gruposeb/www/ten.net/src/storage/schema.ts
FN:27,migrate
FN:36,migrate
FN:79,migrate
FN:96,getSchemaVersion
FN:102,setSchemaVersion
FN:113,runMigrations
FNDA:43,migrate
FNDA:46,migrate
FNDA:49,migrate
FNDA:54,getSchemaVersion
FNDA:138,setSchemaVersion
FNDA:51,runMigrations
FNF:6
FNH:6
BRDA:38,2,0,3
BRDA:38,2,1,43
BRDA:40,2,0,0
BRDA:40,2,1,3
BRDA:43,2,0,1
BRDA:43,2,1,1
BRDA:43,2,2,2
BRDA:46,2,0,1
BRDA:46,2,1,2
BRDA:47,2,0,1
BRDA:47,2,1,2
BRDA:56,2,0,1
BRDA:56,2,1,2
BRDA:71,2,0,2
BRDA:71,2,1,1
BRDA:81,3,0,6
BRDA:81,3,1,43
BRDA:83,3,0,5
BRDA:83,3,1,1
BRDA:83,3,2,5
BRDA:86,3,0,1
BRDA:86,3,1,4
BRDA:98,4,0,44
BRDA:98,4,1,10
BRDA:116,6,0,2
BRDA:116,6,1,49
BRDA:118,6,0,49
BRDA:118,6,1,2
BRDA:123,6,0,138
BRDA:126,6,0,49
BRDA:126,6,1,2
BRF:31
BRH:30
DA:17,5
DA:19,5
DA:20,5
DA:23,5
DA:24,5
DA:25,5
DA:26,5
DA:27,5
DA:28,43
DA:30,43
DA:31,5
DA:32,5
DA:33,5
DA:34,5
DA:35,5
DA:36,5
DA:37,46
DA:38,46
DA:39,3
DA:40,0
DA:43,3
DA:45,2
DA:46,3
DA:47,3
DA:49,3
DA:50,3
DA:51,3
DA:52,3
DA:53,3
DA:54,3
DA:55,3
DA:56,3
DA:57,3
DA:58,3
DA:59,3
DA:60,3
DA:61,3
DA:62,3
DA:63,3
DA:64,3
DA:65,3
DA:68,3
DA:69,3
DA:71,3
DA:72,2
DA:73,46
DA:74,5
DA:75,5
DA:76,5
DA:77,5
DA:78,5
DA:79,5
DA:80,49
DA:81,49
DA:82,6
DA:83,6
DA:86,6
DA:88,4
DA:89,4
DA:90,4
DA:91,49
DA:92,5
DA:93,5
DA:96,5
DA:97,54
DA:98,54
DA:99,54
DA:102,5
DA:103,138
DA:104,138
DA:113,5
DA:114,51
DA:116,51
DA:117,2
DA:118,2
DA:120,49
DA:121,49
DA:123,51
DA:124,138
DA:125,138
DA:126,138
DA:128,49
DA:129,51
LH:82
LF:83
end_of_record
SF:/Users/gruposeb/www/ten.net/src/ten.ts
FN:36,<instance_members_initializer>
FN:61,net
FN:85,build
FN:96,use
FN:118,useAdmin
FN:136,_handleDynamicPage
FN:170,_handle404
FN:194,_handleRequest
FN:199,next
FN:214,_routeRequest
FN:293,_startFileWatcher
FN:301,worker.onmessage
FN:326,start
FNDA:30,<instance_members_initializer>
FNDA:30,net
FNDA:0,build
FNDA:21,use
FNDA:7,useAdmin
FNDA:1,_handleDynamicPage
FNDA:11,_handle404
FNDA:44,_handleRequest
FNDA:127,next
FNDA:44,_routeRequest
FNDA:2,_startFileWatcher
FNDA:1,worker.onmessage
FNDA:6,start
FNF:13
FNH:12
BRDA:63,2,0,1
BRDA:63,2,1,1
BRDA:121,5,0,21
BRDA:124,5,0,6
BRDA:124,5,1,1
BRDA:127,5,0,0
BRDA:127,5,1,7
BRDA:171,7,0,5
BRDA:171,7,1,1
BRDA:189,7,0,10
BRDA:189,7,1,1
BRDA:200,9,0,85
BRDA:200,9,1,42
BRDA:203,9,0,42
BRDA:203,9,1,85
BRDA:218,10,0,9
BRDA:218,10,1,0
BRDA:237,10,0,10
BRDA:237,10,1,34
BRDA:239,10,0,9
BRDA:239,10,1,5
BRDA:241,10,0,1
BRDA:241,10,1,4
BRDA:244,10,0,9
BRDA:244,10,1,1
BRDA:246,10,0,41
BRDA:246,10,1,34
BRDA:256,10,0,23
BRDA:256,10,1,41
BRDA:256,10,2,36
BRDA:256,10,3,21
BRDA:262,10,0,24
BRDA:262,10,1,13
BRDA:264,10,0,11
BRDA:264,10,1,13
BRDA:278,10,0,0
BRDA:278,10,1,11
BRDA:281,10,0,15
BRDA:281,10,1,2
BRDA:285,10,0,1
BRDA:285,10,1,14
BRDA:230,11,0,813
BRDA:230,11,1,38
BRDA:231,11,0,22
BRDA:231,11,1,4
BRDA:233,11,0,34
BRDA:233,11,1,817
BRDA:329,14,0,1
BRDA:329,14,1,5
BRDA:331,14,0,5
BRDA:331,14,1,1
BRDA:339,14,0,5
BRDA:339,14,1,2
BRDA:343,14,0,4
BRDA:343,14,1,2
BRF:55
BRH:52
DA:1,4
DA:2,4
DA:3,4
DA:6,4
DA:11,4
DA:35,4
DA:36,4
DA:37,30
DA:38,30
DA:39,30
DA:40,30
DA:41,30
DA:42,4
DA:61,4
DA:62,30
DA:63,30
DA:64,1
DA:65,1
DA:66,30
DA:67,30
DA:85,0
DA:86,0
DA:87,0
DA:88,0
DA:96,4
DA:97,21
DA:98,21
DA:118,4
DA:119,7
DA:120,7
DA:121,7
DA:122,21
DA:123,21
DA:124,7
DA:125,6
DA:126,6
DA:127,0
DA:128,0
DA:129,0
DA:130,7
DA:136,4
DA:137,4
DA:145,4
DA:146,4
DA:147,1
DA:148,1
DA:149,1
DA:150,1
DA:151,1
DA:152,1
DA:153,1
DA:154,1
DA:155,1
DA:156,1
DA:157,1
DA:158,1
DA:160,1
DA:161,1
DA:162,1
DA:163,1
DA:164,1
DA:170,4
DA:171,11
DA:172,1
DA:173,1
DA:174,1
DA:175,1
DA:176,1
DA:177,1
DA:178,1
DA:179,1
DA:180,1
DA:181,1
DA:182,1
DA:183,1
DA:185,1
DA:186,1
DA:187,1
DA:188,1
DA:189,1
DA:190,10
DA:191,11
DA:194,4
DA:195,44
DA:196,44
DA:197,44
DA:199,44
DA:200,127
DA:201,85
DA:202,85
DA:203,85
DA:204,42
DA:205,44
DA:207,44
DA:208,44
DA:214,4
DA:215,44
DA:216,44
DA:218,0
DA:219,0
DA:220,0
DA:221,0
DA:222,0
DA:223,0
DA:224,0
DA:225,0
DA:226,0
DA:227,0
DA:229,44
DA:230,851
DA:231,851
DA:232,4
DA:233,4
DA:234,34
DA:235,44
DA:237,44
DA:239,10
DA:240,5
DA:241,5
DA:242,1
DA:243,1
DA:244,5
DA:245,9
DA:246,9
DA:248,34
DA:249,34
DA:251,34
DA:252,34
DA:254,34
DA:256,44
DA:257,21
DA:258,21
DA:259,21
DA:260,21
DA:261,21
DA:262,21
DA:264,24
DA:265,11
DA:266,11
DA:267,11
DA:268,11
DA:269,11
DA:270,11
DA:271,11
DA:272,11
DA:273,11
DA:274,11
DA:275,11
DA:276,11
DA:277,11
DA:278,0
DA:279,0
DA:280,0
DA:281,11
DA:283,2
DA:284,2
DA:285,15
DA:286,1
DA:287,1
DA:288,1
DA:289,1
DA:290,44
DA:293,4
DA:294,2
DA:295,2
DA:296,2
DA:297,2
DA:298,2
DA:301,2
DA:302,1
DA:303,1
DA:304,1
DA:305,1
DA:307,2
DA:309,2
DA:310,2
DA:311,2
DA:312,2
DA:326,4
DA:327,4
DA:328,4
DA:329,6
DA:330,1
DA:331,6
DA:332,5
DA:333,5
DA:335,5
DA:337,6
DA:339,6
DA:340,2
DA:341,2
DA:343,6
DA:344,6
DA:345,4
LH:174
LF:194
end_of_record
SF:/Users/gruposeb/www/ten.net/src/terminalUi.ts
FN:14,<instance_members_initializer>
FN:16,write
FN:22,defaultWriter
FN:26,detectTerminalColorSupport
FN:30,wrapAnsi
FN:36,<instance_members_initializer>
FN:39,TerminalUi
FN:44,write
FN:48,line
FN:52,strong
FN:56,accent
FN:60,success
FN:64,warning
FN:68,danger
FN:72,muted
FN:76,section
FN:80,keyValue
FN:85,formatTable
FN:96,formatBytes
FN:102,formatDuration
FN:107,formatPercent
FN:111,stripAnsi
FNDA:15,<instance_members_initializer>
FNDA:71,write
FNDA:15,defaultWriter
FNDA:15,detectTerminalColorSupport
FNDA:276,wrapAnsi
FNDA:32,<instance_members_initializer>
FNDA:32,TerminalUi
FNDA:287,write
FNDA:285,line
FNDA:76,strong
FNDA:19,accent
FNDA:12,success
FNDA:4,warning
FNDA:8,danger
FNDA:157,muted
FNDA:50,section
FNDA:120,keyValue
FNDA:4,formatTable
FNDA:33,formatBytes
FNDA:7,formatDuration
FNDA:6,formatPercent
FNDA:202,stripAnsi
FNF:22
FNH:22
BRDA:17,2,0,1
BRDA:17,2,1,70
BRDA:31,5,0,275
BRDA:31,5,1,1
BRDA:40,7,0,26
BRDA:40,7,1,6
BRDA:41,7,0,26
BRDA:41,7,1,15
BRDA:97,21,0,3
BRDA:97,21,1,30
BRDA:98,21,0,31
BRDA:98,21,1,27
BRDA:98,21,2,3
BRDA:103,22,0,6
BRDA:103,22,1,4
BRDA:103,22,2,3
BRF:16
BRH:16
DA:2,22
DA:13,22
DA:14,22
DA:16,22
DA:17,71
DA:18,71
DA:19,71
DA:20,22
DA:22,22
DA:23,15
DA:24,15
DA:26,22
DA:27,15
DA:28,15
DA:30,276
DA:31,276
DA:32,1
DA:33,276
DA:35,22
DA:36,22
DA:37,22
DA:39,22
DA:40,32
DA:41,32
DA:42,32
DA:44,22
DA:45,287
DA:46,287
DA:48,22
DA:49,285
DA:50,285
DA:52,22
DA:53,76
DA:54,76
DA:56,22
DA:57,19
DA:58,19
DA:60,22
DA:61,12
DA:62,12
DA:64,22
DA:65,4
DA:66,4
DA:68,22
DA:69,8
DA:70,8
DA:72,22
DA:73,157
DA:74,157
DA:76,22
DA:77,50
DA:78,50
DA:80,22
DA:81,120
DA:82,120
DA:83,22
DA:85,22
DA:86,22
DA:87,22
DA:88,22
DA:90,4
DA:91,4
DA:92,4
DA:94,4
DA:96,22
DA:97,33
DA:98,33
DA:99,3
DA:100,33
DA:102,22
DA:103,7
DA:104,3
DA:105,7
DA:107,22
DA:108,6
DA:109,6
DA:111,22
DA:112,202
DA:113,202
LH:79
LF:79
end_of_record
SF:/Users/gruposeb/www/ten.net/src/test/_build_test_helpers.ts
FN:8,assertNoRawTemplateVars
FN:18,assertHomePage
FN:26,assertHelloPage
FN:35,assertFormGet
FN:42,assertFormPost
FN:55,assertFormCongrats
FN:63,assertApiHello
FN:70,assertApiHelloDynamic
FN:77,assertAdminPage
FN:87,assertAdminLoginPage
FN:95,assertFavicon
FN:102,assert404
FN:109,waitForServer
FNDA:6,assertNoRawTemplateVars
FNDA:3,assertHomePage
FNDA:3,assertHelloPage
FNDA:3,assertFormGet
FNDA:3,assertFormPost
FNDA:3,assertFormCongrats
FNDA:3,assertApiHello
FNDA:3,assertApiHelloDynamic
FNDA:1,assertAdminPage
FNDA:0,assertAdminLoginPage
FNDA:1,assertFavicon
FNDA:3,assert404
FNDA:2,waitForServer
FNF:13
FNH:12
BRDA:13,1,0,0
BRDA:13,1,1,6
BRDA:51,5,0,0
BRDA:51,5,1,3
BRDA:81,9,0,0
BRDA:81,9,1,1
BRDA:114,13,0,6
BRDA:116,13,0,2
BRDA:116,13,1,4
BRDA:117,13,0,5
BRDA:117,13,1,2
BRDA:119,13,0,4
BRDA:119,13,1,1
BRDA:122,13,0,4
BRF:14
BRH:11
DA:1,3
DA:2,3
DA:3,3
DA:4,3
DA:5,3
DA:8,3
DA:9,6
DA:10,6
DA:11,6
DA:12,6
DA:13,6
DA:14,6
DA:16,6
DA:18,3
DA:19,3
DA:20,3
DA:21,3
DA:22,3
DA:23,3
DA:24,3
DA:26,3
DA:27,3
DA:28,3
DA:29,3
DA:30,3
DA:31,3
DA:32,3
DA:33,3
DA:35,3
DA:36,3
DA:37,3
DA:38,3
DA:39,3
DA:40,3
DA:42,3
DA:43,3
DA:44,3
DA:45,3
DA:46,3
DA:47,3
DA:48,3
DA:49,3
DA:50,3
DA:51,3
DA:52,3
DA:53,3
DA:55,3
DA:56,3
DA:57,3
DA:58,3
DA:59,3
DA:60,3
DA:61,3
DA:63,3
DA:64,3
DA:65,3
DA:66,3
DA:67,3
DA:68,3
DA:70,3
DA:71,3
DA:72,3
DA:73,3
DA:74,3
DA:75,3
DA:77,3
DA:78,1
DA:79,1
DA:80,1
DA:81,1
DA:82,1
DA:84,1
DA:85,1
DA:87,0
DA:88,0
DA:89,0
DA:90,0
DA:91,0
DA:92,0
DA:93,0
DA:95,3
DA:96,1
DA:97,1
DA:98,1
DA:99,1
DA:100,1
DA:102,3
DA:103,3
DA:104,3
DA:105,3
DA:106,3
DA:107,3
DA:109,3
DA:110,3
DA:111,3
DA:112,3
DA:114,2
DA:115,6
DA:116,6
DA:117,6
DA:118,2
DA:119,5
DA:120,4
DA:121,4
DA:122,6
DA:123,4
DA:124,4
DA:126,2
LH:101
LF:108
end_of_record
SF:/Users/gruposeb/www/ten.net/src/utils/evaluateModuleCode.ts
FN:30,evaluateModuleCode
FNDA:40,evaluateModuleCode
FNF:1
FNH:1
BRDA:82,2,0,9
BRDA:82,2,1,31
BRDA:84,2,0,31
BRDA:84,2,1,9
BRDA:42,3,0,18
BRDA:42,3,1,5
BRDA:89,10,0,32
BRDA:89,10,1,2
BRF:8
BRH:8
DA:18,27
DA:19,27
DA:30,27
DA:31,27
DA:33,40
DA:34,40
DA:35,40
DA:38,40
DA:39,40
DA:40,40
DA:41,23
DA:42,23
DA:43,40
DA:47,40
DA:48,40
DA:49,40
DA:50,3
DA:51,3
DA:52,40
DA:56,40
DA:57,40
DA:58,40
DA:59,7
DA:60,7
DA:61,7
DA:62,7
DA:63,7
DA:64,8
DA:65,8
DA:66,8
DA:67,8
DA:68,7
DA:69,7
DA:70,40
DA:74,40
DA:75,40
DA:76,40
DA:77,1
DA:78,1
DA:79,40
DA:82,40
DA:83,9
DA:84,9
DA:87,31
DA:88,31
DA:89,31
DA:91,31
DA:93,31
DA:95,31
DA:96,31
DA:97,40
LH:51
LF:51
end_of_record
SF:/Users/gruposeb/www/ten.net/src/utils/findDocumentLayoutRoot.ts
FN:19,findDocumentLayoutRoot
FNDA:64,findDocumentLayoutRoot
FNF:1
FNH:1
BRDA:25,1,0,4
BRDA:25,1,1,60
BRDA:28,1,0,4
BRDA:28,1,1,60
BRF:4
BRH:4
DA:1,41
DA:19,41
DA:20,64
DA:21,64
DA:22,64
DA:23,64
DA:24,64
DA:25,64
DA:27,4
DA:28,64
DA:29,4
DA:30,64
LH:12
LF:12
end_of_record
SF:/Users/gruposeb/www/ten.net/src/utils/findOrderedLayouts.ts
FN:14,findOrderedLayouts
FNDA:111,findOrderedLayouts
FNF:1
FNH:1
BRDA:19,1,0,190
BRDA:24,1,0,177
BRDA:24,1,1,13
BRF:3
BRH:3
DA:14,41
DA:15,111
DA:16,111
DA:17,111
DA:19,111
DA:20,190
DA:21,190
DA:22,190
DA:23,190
DA:24,190
DA:26,177
DA:27,190
DA:29,111
DA:30,111
LH:14
LF:14
end_of_record
SF:/Users/gruposeb/www/ten.net/src/utils/getRegexRoute.ts
FN:19,getRegexRoute
FNDA:172,getRegexRoute
FNF:1
FNH:1
BRDA:23,2,0,456
BRDA:23,2,1,195
BRDA:23,2,2,284
BRDA:24,2,0,25
BRDA:24,2,1,25
BRDA:24,2,2,259
BRF:6
BRH:6
DA:19,39
DA:20,172
DA:21,172
DA:22,172
DA:23,479
DA:24,479
DA:25,259
DA:26,172
DA:27,172
DA:29,172
DA:30,172
LH:11
LF:11
end_of_record
SF:/Users/gruposeb/www/ten.net/src/utils/pathNamedParams.ts
FN:14,pathNamedParams
FNDA:45,pathNamedParams
FNF:1
FNH:1
BRDA:23,2,0,18
BRDA:23,2,1,18
BRF:2
BRH:2
DA:14,6
DA:15,6
DA:16,6
DA:18,45
DA:19,45
DA:20,45
DA:22,45
DA:23,88
DA:24,18
DA:25,18
DA:26,18
DA:27,45
DA:28,45
DA:29,45
LH:14
LF:14
end_of_record
SF:/Users/gruposeb/www/ten.net/src/utils/toSlug.ts
FN:5,toSlug
FNDA:979,toSlug
FNF:1
FNH:1
BRF:0
BRH:0
DA:5,25
DA:6,979
DA:7,979
DA:8,979
DA:9,979
DA:10,979
DA:11,979
DA:12,979
DA:13,979
DA:14,979
DA:15,979
DA:16,979
LH:12
LF:12
end_of_record
SF:/Users/gruposeb/www/ten.net/src/utils/transpileRoute.ts
FN:15,transpileRoute
FNDA:118,transpileRoute
FNF:1
FNH:1
BRDA:16,1,0,117
BRDA:16,1,1,2
BRDA:16,1,2,116
BRDA:20,1,0,114
BRDA:20,1,1,3
BRDA:22,1,0,0
BRDA:22,1,1,114
BRDA:25,1,0,0
BRDA:25,1,1,118
BRDA:27,1,0,116
BRDA:27,1,1,114
BRDA:29,1,0,2
BRDA:29,1,1,114
BRF:13
BRH:11
DA:1,25
DA:15,25
DA:16,118
DA:18,116
DA:19,116
DA:20,116
DA:21,114
DA:22,0
DA:24,114
DA:25,0
DA:26,0
DA:27,0
DA:28,114
DA:29,116
DA:30,2
DA:31,2
DA:32,118
LH:13
LF:17
end_of_record
SF:/Users/gruposeb/www/ten.net/src/version.ts
FNF:0
FNH:0
BRF:0
BRH:0
DA:1,21
DA:3,21
LH:2
LF:2
end_of_record
SF:/Users/gruposeb/www/ten.net/src/viewEngine.ts
FN:15,viewEngine
FNDA:24,viewEngine
FNF:1
FNH:1
BRDA:26,1,0,11
BRDA:26,1,1,13
BRDA:27,1,0,4
BRDA:27,1,1,7
BRDA:30,1,0,0
BRDA:30,1,1,4
BRDA:31,1,0,7
BRDA:31,1,1,4
BRDA:35,1,0,2
BRDA:35,1,1,5
BRDA:42,1,0,2
BRDA:42,1,1,22
BRDA:46,1,0,14
BRDA:46,1,1,10
BRDA:50,1,0,12
BRDA:50,1,1,2
BRDA:69,1,0,2
BRDA:69,1,1,12
BRF:18
BRH:17
DA:1,6
DA:2,6
DA:5,6
DA:15,6
DA:16,24
DA:17,24
DA:18,24
DA:19,24
DA:20,24
DA:21,24
DA:22,24
DA:23,24
DA:24,24
DA:26,24
DA:27,11
DA:28,4
DA:29,4
DA:30,4
DA:31,11
DA:32,7
DA:33,7
DA:34,7
DA:35,7
DA:36,2
DA:37,2
DA:38,7
DA:39,11
DA:41,24
DA:42,24
DA:43,2
DA:44,2
DA:46,24
DA:47,14
DA:48,14
DA:49,14
DA:50,14
DA:52,12
DA:53,12
DA:54,12
DA:56,12
DA:58,16
DA:59,16
DA:60,16
DA:63,16
DA:64,16
DA:65,16
DA:67,12
DA:68,12
DA:69,14
DA:70,2
DA:71,2
DA:72,14
DA:74,24
DA:75,24
DA:76,24
LH:55
LF:55
end_of_record
SF:/Users/gruposeb/www/ten.net/src/widgets/builtins/hero.ts
FN:50,render
FN:88,escapeHtml
FN:95,escapeAttr
FN:104,sanitizeUrl
FNDA:9,render
FNDA:11,escapeHtml
FNDA:1,escapeAttr
FNDA:9,sanitizeUrl
FNF:4
FNH:4
BRDA:51,1,0,0
BRDA:51,1,1,9
BRDA:52,1,0,7
BRDA:52,1,1,2
BRDA:53,1,0,4
BRDA:53,1,1,5
BRDA:54,1,0,3
BRDA:54,1,1,6
BRDA:55,1,0,8
BRDA:55,1,1,1
BRDA:57,1,0,0
BRDA:57,1,1,9
BRDA:59,1,0,0
BRDA:59,1,1,9
BRDA:61,1,0,0
BRDA:61,1,1,9
BRDA:66,1,0,4
BRDA:66,1,1,1
BRDA:71,1,0,8
BRDA:71,1,1,1
BRDA:74,1,0,1
BRDA:74,1,1,8
BRDA:77,1,0,8
BRDA:77,1,1,1
BRDA:107,4,0,8
BRDA:107,4,1,1
BRDA:108,4,0,7
BRDA:108,4,1,2
BRDA:110,4,0,3
BRDA:110,4,1,6
BRDA:112,4,0,6
BRDA:112,4,1,3
BRF:32
BRH:28
DA:6,4
DA:7,4
DA:8,4
DA:9,4
DA:10,4
DA:11,4
DA:12,4
DA:13,4
DA:14,4
DA:15,4
DA:16,4
DA:17,4
DA:18,4
DA:19,4
DA:20,4
DA:21,4
DA:22,4
DA:23,4
DA:24,4
DA:25,4
DA:26,4
DA:27,4
DA:28,4
DA:29,4
DA:30,4
DA:31,4
DA:32,4
DA:33,4
DA:34,4
DA:35,4
DA:36,4
DA:37,4
DA:38,4
DA:39,4
DA:40,4
DA:41,4
DA:42,4
DA:43,4
DA:44,4
DA:45,4
DA:46,4
DA:47,4
DA:48,4
DA:49,4
DA:50,4
DA:51,9
DA:52,9
DA:53,9
DA:54,9
DA:55,9
DA:57,9
DA:58,9
DA:59,9
DA:60,9
DA:61,9
DA:62,9
DA:63,9
DA:65,9
DA:66,9
DA:67,9
DA:68,9
DA:69,9
DA:70,9
DA:71,9
DA:72,9
DA:74,9
DA:75,9
DA:76,9
DA:77,9
DA:78,9
DA:80,9
DA:81,9
DA:82,9
DA:83,9
DA:84,9
DA:85,9
DA:86,4
DA:88,4
DA:89,11
DA:90,11
DA:91,11
DA:92,11
DA:93,11
DA:95,4
DA:96,1
DA:97,1
DA:98,1
DA:99,1
DA:100,1
DA:101,1
DA:104,4
DA:105,9
DA:106,9
DA:107,9
DA:108,9
DA:109,9
DA:110,9
DA:111,3
DA:112,3
DA:113,6
DA:114,6
LH:101
LF:101
end_of_record
SF:/Users/gruposeb/www/ten.net/src/widgets/builtins/image.ts
FN:50,render
FN:91,escapeHtml
FN:98,escapeAttr
FN:107,sanitizeUrl
FNDA:8,render
FNDA:1,escapeHtml
FNDA:11,escapeAttr
FNDA:16,sanitizeUrl
FNF:4
FNH:4
BRDA:51,1,0,0
BRDA:51,1,1,8
BRDA:52,1,0,2
BRDA:52,1,1,6
BRDA:53,1,0,6
BRDA:53,1,1,2
BRDA:54,1,0,5
BRDA:54,1,1,3
BRDA:60,1,0,6
BRDA:60,1,1,3
BRDA:60,1,2,5
BRDA:62,1,0,0
BRDA:62,1,1,8
BRDA:63,1,0,5
BRDA:63,1,1,3
BRDA:64,1,0,0
BRDA:64,1,1,5
BRDA:66,1,0,0
BRDA:66,1,1,5
BRDA:74,1,0,1
BRDA:74,1,1,7
BRDA:75,1,0,4
BRDA:75,1,1,4
BRDA:78,1,0,1
BRDA:78,1,1,7
BRDA:81,1,0,4
BRDA:81,1,1,4
BRDA:110,4,0,14
BRDA:110,4,1,2
BRDA:111,4,0,13
BRDA:111,4,1,3
BRDA:113,4,0,12
BRDA:113,4,1,4
BRF:33
BRH:29
DA:6,4
DA:7,4
DA:8,4
DA:9,4
DA:10,4
DA:11,4
DA:12,4
DA:13,4
DA:14,4
DA:15,4
DA:16,4
DA:17,4
DA:18,4
DA:19,4
DA:20,4
DA:21,4
DA:22,4
DA:23,4
DA:24,4
DA:25,4
DA:26,4
DA:27,4
DA:28,4
DA:29,4
DA:30,4
DA:31,4
DA:32,4
DA:33,4
DA:34,4
DA:35,4
DA:36,4
DA:37,4
DA:38,4
DA:39,4
DA:40,4
DA:41,4
DA:42,4
DA:43,4
DA:44,4
DA:45,4
DA:46,4
DA:47,4
DA:48,4
DA:49,4
DA:50,4
DA:51,8
DA:52,8
DA:53,8
DA:54,8
DA:55,8
DA:57,8
DA:58,8
DA:60,8
DA:62,8
DA:63,8
DA:64,8
DA:65,8
DA:66,8
DA:67,8
DA:68,8
DA:70,8
DA:71,8
DA:72,8
DA:74,8
DA:75,8
DA:76,8
DA:78,8
DA:79,8
DA:80,8
DA:81,8
DA:82,8
DA:84,8
DA:85,8
DA:86,8
DA:87,8
DA:88,8
DA:89,4
DA:91,4
DA:92,1
DA:93,1
DA:94,1
DA:95,1
DA:96,1
DA:98,4
DA:99,11
DA:100,11
DA:101,11
DA:102,11
DA:103,11
DA:104,11
DA:107,4
DA:108,16
DA:109,16
DA:110,16
DA:111,16
DA:112,16
DA:113,16
DA:114,4
DA:115,4
DA:116,12
DA:117,12
LH:101
LF:101
end_of_record
SF:/Users/gruposeb/www/ten.net/src/widgets/builtins/index.ts
FN:24,registerBuiltinWidgets
FNDA:16,registerBuiltinWidgets
FNF:1
FNH:1
BRF:0
BRH:0
DA:11,3
DA:12,3
DA:13,3
DA:14,3
DA:16,3
DA:17,3
DA:18,3
DA:24,3
DA:25,16
DA:26,16
DA:27,16
DA:28,16
LH:12
LF:12
end_of_record
SF:/Users/gruposeb/www/ten.net/src/widgets/builtins/richText.ts
FN:28,render
FNDA:8,render
FNF:1
FNH:1
BRDA:30,1,0,2
BRDA:30,1,1,6
BRF:2
BRH:2
DA:13,4
DA:14,4
DA:15,4
DA:16,4
DA:17,4
DA:18,4
DA:19,4
DA:20,4
DA:21,4
DA:22,4
DA:23,4
DA:24,4
DA:25,4
DA:26,4
DA:27,4
DA:28,4
DA:29,8
DA:30,8
DA:32,8
DA:33,8
DA:34,4
LH:21
LF:21
end_of_record
SF:/Users/gruposeb/www/ten.net/src/widgets/widgetRegistry.ts
FN:10,<instance_members_initializer>
FN:16,register
FN:24,get
FN:29,all
FNDA:22,<instance_members_initializer>
FNDA:57,register
FNDA:17,get
FNDA:1,all
FNF:4
FNH:4
BRDA:25,3,0,2
BRDA:25,3,1,15
BRF:2
BRH:2
DA:9,22
DA:10,22
DA:16,22
DA:17,57
DA:18,57
DA:24,22
DA:25,17
DA:26,17
DA:29,22
DA:30,1
DA:31,1
DA:32,22
DA:35,22
LH:13
LF:13
end_of_record
SF:/Users/gruposeb/www/ten.net/src/widgets/widgetStore.ts
FN:10,<instance_members_initializer>
FN:12,WidgetStore
FN:20,_validateId
FN:29,_key
FN:36,_pagePrefix
FN:45,create
FN:81,update
FN:123,delete
FN:148,loadForPage
FN:174,reorder
FNDA:48,<instance_members_initializer>
FNDA:48,WidgetStore
FNDA:133,_validateId
FNDA:60,_key
FNDA:16,_pagePrefix
FNDA:30,create
FNDA:8,update
FNDA:7,delete
FNDA:16,loadForPage
FNDA:7,reorder
FNF:10
FNH:10
BRDA:21,3,0,130
BRDA:21,3,1,5
BRDA:68,6,0,27
BRDA:68,6,1,3
BRDA:70,6,0,0
BRDA:70,6,1,27
BRDA:89,7,0,7
BRDA:89,7,1,1
BRDA:92,7,0,5
BRDA:92,7,1,3
BRDA:96,7,0,4
BRDA:96,7,1,1
BRDA:110,7,0,0
BRDA:110,7,1,7
BRDA:114,7,0,4
BRDA:114,7,1,3
BRDA:125,8,0,6
BRDA:125,8,1,1
BRDA:128,8,0,3
BRDA:128,8,1,3
BRDA:135,8,0,0
BRDA:135,8,1,6
BRDA:139,8,0,3
BRDA:139,8,1,3
BRDA:155,9,0,18
BRDA:162,10,0,5
BRDA:162,10,1,4
BRDA:178,11,0,2
BRDA:178,11,1,5
BRDA:188,11,0,8
BRDA:190,11,0,2
BRDA:190,11,1,6
BRDA:196,11,0,6
BRDA:196,11,1,2
BRDA:203,11,0,3
BRDA:203,11,1,4
BRDA:206,11,0,0
BRDA:206,11,1,7
BRF:38
BRH:34
DA:9,24
DA:10,24
DA:12,24
DA:13,48
DA:14,48
DA:20,24
DA:21,133
DA:22,5
DA:23,5
DA:25,5
DA:26,133
DA:29,24
DA:30,60
DA:31,60
DA:32,60
DA:33,60
DA:36,24
DA:37,16
DA:38,16
DA:39,16
DA:45,24
DA:46,24
DA:47,24
DA:52,24
DA:53,24
DA:54,30
DA:55,30
DA:56,30
DA:57,30
DA:58,30
DA:59,30
DA:60,30
DA:61,30
DA:62,30
DA:63,30
DA:64,30
DA:66,30
DA:67,30
DA:68,30
DA:70,0
DA:71,0
DA:72,0
DA:74,27
DA:75,30
DA:81,24
DA:82,24
DA:83,24
DA:84,24
DA:86,24
DA:87,24
DA:88,8
DA:89,8
DA:92,7
DA:93,3
DA:94,3
DA:96,3
DA:98,4
DA:99,4
DA:100,4
DA:101,4
DA:102,4
DA:103,4
DA:105,4
DA:106,4
DA:107,4
DA:108,4
DA:110,0
DA:111,0
DA:112,0
DA:114,0
DA:116,4
DA:117,8
DA:123,24
DA:124,7
DA:125,7
DA:128,6
DA:130,3
DA:131,3
DA:132,3
DA:133,3
DA:135,0
DA:136,0
DA:137,0
DA:139,0
DA:141,3
DA:142,7
DA:148,24
DA:149,16
DA:151,16
DA:152,16
DA:153,16
DA:154,16
DA:155,16
DA:156,18
DA:157,18
DA:158,18
DA:159,18
DA:161,16
DA:162,9
DA:163,4
DA:164,4
DA:165,5
DA:166,16
DA:167,16
DA:174,24
DA:175,24
DA:176,24
DA:177,24
DA:178,7
DA:180,5
DA:181,5
DA:182,5
DA:185,5
DA:186,5
DA:188,7
DA:189,8
DA:190,8
DA:191,2
DA:192,2
DA:193,2
DA:194,2
DA:196,2
DA:197,6
DA:198,6
DA:199,6
DA:200,6
DA:201,6
DA:202,6
DA:203,6
DA:205,3
DA:206,0
DA:207,0
DA:208,0
DA:209,7
DA:210,24
LH:121
LF:135
end_of_record
